{"/home/laszlo/dev/viperHTML/index.js":{"path":"/home/laszlo/dev/viperHTML/index.js","s":{"1":1,"2":1,"3":8,"4":1,"5":2082,"6":2082,"7":1079,"8":1079,"9":2082,"10":1,"11":1048,"12":1,"13":14,"14":1,"15":1,"16":1,"17":2068,"18":1,"19":1,"20":1,"21":13,"22":13,"23":14,"24":14,"25":13,"26":14,"27":14,"28":1,"29":8042,"30":1,"31":1079,"32":5088,"33":5088,"34":1079,"35":1,"36":3055,"37":1,"38":13,"39":1,"40":5,"41":5,"42":1,"43":4,"44":2,"45":2,"46":1,"47":1,"48":1,"49":4,"50":4,"51":4,"52":2,"53":1,"54":1,"55":6083,"56":6083,"57":6031,"58":5,"59":44,"60":6,"61":38,"62":1,"63":40,"64":6,"65":34,"66":23,"67":39,"68":2,"69":23,"70":11,"71":4,"72":7,"73":1,"74":6,"75":1,"76":5,"77":2,"78":3,"79":1,"80":83,"81":83,"82":1,"83":2018,"84":1,"85":2,"86":2,"87":2,"88":1,"89":4,"90":1,"91":4,"92":2,"93":2,"94":4,"95":4,"96":1,"97":1,"98":1,"99":2,"100":1,"101":2,"102":1,"103":2,"104":2,"105":1,"106":1,"107":1,"108":2013,"109":2007,"110":3,"111":3,"112":1,"113":14,"114":21,"115":21,"116":21,"117":14,"118":14,"119":1,"120":13,"121":1,"122":18,"123":18,"124":1,"125":2068,"126":10076,"127":10076,"128":2,"129":2,"130":10074,"131":2068,"132":1,"133":1,"134":74,"135":83,"136":6,"137":77,"138":74,"139":1,"140":1079,"141":1079,"142":1,"143":14,"144":14,"145":1,"146":6067,"147":1,"148":1,"149":13,"150":1,"151":4,"152":2,"153":1,"154":2,"155":2,"156":1,"157":1,"158":1,"159":1,"160":1,"161":1,"162":1},"b":{"1":[5,3],"2":[2,3],"3":[5,4],"4":[1,2],"5":[1,2],"6":[1079,1003],"7":[2082,1006],"8":[14,2068],"9":[1036,12],"10":[1048,14],"11":[12,4],"12":[12,2],"13":[2,1],"14":[14,1],"15":[3055,2033],"16":[15,3040],"17":[4,1],"18":[1,4],"19":[2,2],"20":[1,1],"21":[2,2],"22":[19,6064],"23":[6031,2,5,44,40,34],"24":[6,38],"25":[1,37],"26":[6,34],"27":[23,11],"28":[2,37],"29":[4,7],"30":[1,6],"31":[1,5],"32":[2,3],"33":[1,1],"34":[1,2],"35":[1,1],"36":[2,1],"37":[1,1],"38":[2007,3,3],"39":[1,2006],"40":[2007,1],"41":[3,2],"42":[2,11],"43":[18,16,14],"44":[2,10074],"45":[10076,25,23,22],"46":[1,1],"47":[2,2066],"48":[6,77],"49":[1079,74],"50":[14,8],"51":[14,9],"52":[6066,1],"53":[2,2],"54":[1,1]},"f":{"1":8,"2":2082,"3":1048,"4":14,"5":2068,"6":1,"7":13,"8":14,"9":14,"10":8042,"11":1079,"12":3055,"13":13,"14":5,"15":4,"16":2,"17":6083,"18":83,"19":2018,"20":2,"21":2,"22":4,"23":4,"24":1,"25":2,"26":2,"27":2013,"28":14,"29":14,"30":13,"31":18,"32":18,"33":2068,"34":74,"35":1079,"36":14,"37":6067,"38":13,"39":4,"40":1,"41":1,"42":13,"43":8},"fnMap":{"1":{"name":"viper","line":9,"loc":{"start":{"line":9,"column":0},"end":{"line":9,"column":21}}},"2":{"name":"render","line":30,"loc":{"start":{"line":30,"column":0},"end":{"line":30,"column":26}}},"3":{"name":"wire","line":50,"loc":{"start":{"line":50,"column":13},"end":{"line":50,"column":38}}},"4":{"name":"getAsync","line":59,"loc":{"start":{"line":59,"column":14},"end":{"line":59,"column":37}}},"5":{"name":"asBuffer","line":75,"loc":{"start":{"line":75,"column":0},"end":{"line":75,"column":26}}},"6":{"name":"asHTML","line":80,"loc":{"start":{"line":80,"column":0},"end":{"line":80,"column":22}}},"7":{"name":"createAsync","line":87,"loc":{"start":{"line":87,"column":0},"end":{"line":87,"column":23}}},"8":{"name":"(anonymous_8)","line":93,"loc":{"start":{"line":93,"column":17},"end":{"line":93,"column":29}}},"9":{"name":"(anonymous_9)","line":97,"loc":{"start":{"line":97,"column":9},"end":{"line":97,"column":29}}},"10":{"name":"escape","line":104,"loc":{"start":{"line":104,"column":0},"end":{"line":104,"column":19}}},"11":{"name":"fixUpdates","line":110,"loc":{"start":{"line":110,"column":0},"end":{"line":110,"column":29}}},"12":{"name":"getUpdateForHTML","line":126,"loc":{"start":{"line":126,"column":0},"end":{"line":126,"column":28}}},"13":{"name":"identity","line":131,"loc":{"start":{"line":131,"column":0},"end":{"line":131,"column":25}}},"14":{"name":"invokeAtDistance","line":136,"loc":{"start":{"line":136,"column":0},"end":{"line":136,"column":40}}},"15":{"name":"invokeTransformer","line":150,"loc":{"start":{"line":150,"column":0},"end":{"line":150,"column":35}}},"16":{"name":"noop","line":162,"loc":{"start":{"line":162,"column":0},"end":{"line":162,"column":16}}},"17":{"name":"asTemplateValue","line":165,"loc":{"start":{"line":165,"column":0},"end":{"line":165,"column":45}}},"18":{"name":"set","line":194,"loc":{"start":{"line":194,"column":0},"end":{"line":194,"column":33}}},"19":{"name":"updateAttribute","line":200,"loc":{"start":{"line":200,"column":0},"end":{"line":200,"column":28}}},"20":{"name":"updateAttributeIntent","line":204,"loc":{"start":{"line":204,"column":0},"end":{"line":204,"column":37}}},"21":{"name":"(anonymous_21)","line":205,"loc":{"start":{"line":205,"column":9},"end":{"line":205,"column":24}}},"22":{"name":"updateBoolean","line":213,"loc":{"start":{"line":213,"column":0},"end":{"line":213,"column":29}}},"23":{"name":"update","line":215,"loc":{"start":{"line":215,"column":2},"end":{"line":215,"column":25}}},"24":{"name":"ized","line":227,"loc":{"start":{"line":227,"column":0},"end":{"line":227,"column":26}}},"25":{"name":"asCSSValue","line":231,"loc":{"start":{"line":231,"column":0},"end":{"line":231,"column":32}}},"26":{"name":"updateStyle","line":236,"loc":{"start":{"line":236,"column":0},"end":{"line":236,"column":28}}},"27":{"name":"updateEvent","line":261,"loc":{"start":{"line":261,"column":0},"end":{"line":261,"column":28}}},"28":{"name":"chunks","line":280,"loc":{"start":{"line":280,"column":0},"end":{"line":280,"column":18}}},"29":{"name":"(anonymous_29)","line":329,"loc":{"start":{"line":329,"column":31},"end":{"line":329,"column":43}}},"30":{"name":"resolveArray","line":336,"loc":{"start":{"line":336,"column":0},"end":{"line":336,"column":29}}},"31":{"name":"resolveAsTemplateValue","line":342,"loc":{"start":{"line":342,"column":0},"end":{"line":342,"column":40}}},"32":{"name":"(anonymous_32)","line":343,"loc":{"start":{"line":343,"column":9},"end":{"line":343,"column":26}}},"33":{"name":"update","line":356,"loc":{"start":{"line":356,"column":0},"end":{"line":356,"column":18}}},"34":{"name":"setupUpdates","line":395,"loc":{"start":{"line":395,"column":0},"end":{"line":395,"column":51}}},"35":{"name":"upgrade","line":412,"loc":{"start":{"line":412,"column":0},"end":{"line":412,"column":27}}},"36":{"name":"wireWeakly","line":426,"loc":{"start":{"line":426,"column":0},"end":{"line":426,"column":29}}},"37":{"name":"createHyperComment","line":431,"loc":{"start":{"line":431,"column":0},"end":{"line":431,"column":30}}},"38":{"name":"bind","line":463,"loc":{"start":{"line":463,"column":13},"end":{"line":463,"column":36}}},"39":{"name":"define","line":465,"loc":{"start":{"line":465,"column":15},"end":{"line":465,"column":54}}},"40":{"name":"(anonymous_40)","line":478,"loc":{"start":{"line":478,"column":7},"end":{"line":478,"column":19}}},"41":{"name":"(anonymous_41)","line":481,"loc":{"start":{"line":481,"column":7},"end":{"line":481,"column":24}}},"42":{"name":"Async","line":489,"loc":{"start":{"line":489,"column":0},"end":{"line":489,"column":17}}},"43":{"name":"Dict","line":492,"loc":{"start":{"line":492,"column":0},"end":{"line":492,"column":16}}}},"statementMap":{"1":{"start":{"line":6,"column":0},"end":{"line":6,"column":20}},"2":{"start":{"line":9,"column":0},"end":{"line":19,"column":1}},"3":{"start":{"line":10,"column":2},"end":{"line":18,"column":29}},"4":{"start":{"line":30,"column":0},"end":{"line":41,"column":1}},"5":{"start":{"line":31,"column":2},"end":{"line":31,"column":31}},"6":{"start":{"line":32,"column":2},"end":{"line":38,"column":3}},"7":{"start":{"line":36,"column":4},"end":{"line":36,"column":43}},"8":{"start":{"line":37,"column":4},"end":{"line":37,"column":28}},"9":{"start":{"line":39,"column":2},"end":{"line":40,"column":35}},"10":{"start":{"line":50,"column":0},"end":{"line":54,"column":2}},"11":{"start":{"line":51,"column":2},"end":{"line":53,"column":36}},"12":{"start":{"line":59,"column":0},"end":{"line":63,"column":2}},"13":{"start":{"line":60,"column":2},"end":{"line":62,"column":57}},"14":{"start":{"line":65,"column":0},"end":{"line":65,"column":52}},"15":{"start":{"line":66,"column":0},"end":{"line":66,"column":28}},"16":{"start":{"line":75,"column":0},"end":{"line":77,"column":1}},"17":{"start":{"line":76,"column":2},"end":{"line":76,"column":38}},"18":{"start":{"line":80,"column":0},"end":{"line":82,"column":1}},"19":{"start":{"line":81,"column":2},"end":{"line":81,"column":22}},"20":{"start":{"line":87,"column":0},"end":{"line":101,"column":1}},"21":{"start":{"line":88,"column":2},"end":{"line":92,"column":3}},"22":{"start":{"line":93,"column":2},"end":{"line":96,"column":4}},"23":{"start":{"line":94,"column":4},"end":{"line":94,"column":35}},"24":{"start":{"line":95,"column":4},"end":{"line":95,"column":41}},"25":{"start":{"line":97,"column":2},"end":{"line":100,"column":4}},"26":{"start":{"line":98,"column":4},"end":{"line":98,"column":40}},"27":{"start":{"line":99,"column":4},"end":{"line":99,"column":16}},"28":{"start":{"line":104,"column":0},"end":{"line":106,"column":1}},"29":{"start":{"line":105,"column":2},"end":{"line":105,"column":31}},"30":{"start":{"line":110,"column":0},"end":{"line":122,"column":1}},"31":{"start":{"line":111,"column":2},"end":{"line":120,"column":3}},"32":{"start":{"line":118,"column":4},"end":{"line":118,"column":24}},"33":{"start":{"line":119,"column":4},"end":{"line":119,"column":71}},"34":{"start":{"line":121,"column":2},"end":{"line":121,"column":13}},"35":{"start":{"line":126,"column":0},"end":{"line":128,"column":1}},"36":{"start":{"line":127,"column":2},"end":{"line":127,"column":60}},"37":{"start":{"line":131,"column":0},"end":{"line":133,"column":1}},"38":{"start":{"line":132,"column":2},"end":{"line":132,"column":15}},"39":{"start":{"line":136,"column":0},"end":{"line":147,"column":1}},"40":{"start":{"line":137,"column":2},"end":{"line":137,"column":49}},"41":{"start":{"line":138,"column":2},"end":{"line":146,"column":3}},"42":{"start":{"line":139,"column":4},"end":{"line":139,"column":64}},"43":{"start":{"line":140,"column":9},"end":{"line":146,"column":3}},"44":{"start":{"line":141,"column":4},"end":{"line":141,"column":50}},"45":{"start":{"line":142,"column":9},"end":{"line":146,"column":3}},"46":{"start":{"line":143,"column":4},"end":{"line":143,"column":64}},"47":{"start":{"line":145,"column":4},"end":{"line":145,"column":65}},"48":{"start":{"line":150,"column":0},"end":{"line":159,"column":1}},"49":{"start":{"line":151,"column":2},"end":{"line":158,"column":3}},"50":{"start":{"line":152,"column":4},"end":{"line":152,"column":30}},"51":{"start":{"line":153,"column":4},"end":{"line":157,"column":5}},"52":{"start":{"line":156,"column":6},"end":{"line":156,"column":50}},"53":{"start":{"line":162,"column":0},"end":{"line":162,"column":18}},"54":{"start":{"line":165,"column":0},"end":{"line":191,"column":1}},"55":{"start":{"line":166,"column":2},"end":{"line":166,"column":55}},"56":{"start":{"line":167,"column":2},"end":{"line":190,"column":3}},"57":{"start":{"line":168,"column":19},"end":{"line":168,"column":58}},"58":{"start":{"line":170,"column":19},"end":{"line":170,"column":50}},"59":{"start":{"line":172,"column":6},"end":{"line":172,"column":66}},"60":{"start":{"line":172,"column":35},"end":{"line":172,"column":66}},"61":{"start":{"line":173,"column":6},"end":{"line":173,"column":90}},"62":{"start":{"line":173,"column":38},"end":{"line":173,"column":90}},"63":{"start":{"line":175,"column":6},"end":{"line":175,"column":53}},"64":{"start":{"line":175,"column":25},"end":{"line":175,"column":53}},"65":{"start":{"line":177,"column":6},"end":{"line":184,"column":7}},"66":{"start":{"line":178,"column":8},"end":{"line":182,"column":9}},"67":{"start":{"line":179,"column":10},"end":{"line":181,"column":11}},"68":{"start":{"line":180,"column":12},"end":{"line":180,"column":41}},"69":{"start":{"line":183,"column":8},"end":{"line":183,"column":48}},"70":{"start":{"line":185,"column":6},"end":{"line":185,"column":71}},"71":{"start":{"line":185,"column":34},"end":{"line":185,"column":71}},"72":{"start":{"line":186,"column":6},"end":{"line":186,"column":71}},"73":{"start":{"line":186,"column":27},"end":{"line":186,"column":71}},"74":{"start":{"line":187,"column":6},"end":{"line":187,"column":73}},"75":{"start":{"line":187,"column":26},"end":{"line":187,"column":73}},"76":{"start":{"line":188,"column":6},"end":{"line":188,"column":83}},"77":{"start":{"line":188,"column":27},"end":{"line":188,"column":83}},"78":{"start":{"line":189,"column":6},"end":{"line":189,"column":68}},"79":{"start":{"line":194,"column":0},"end":{"line":197,"column":1}},"80":{"start":{"line":195,"column":2},"end":{"line":195,"column":25}},"81":{"start":{"line":196,"column":2},"end":{"line":196,"column":15}},"82":{"start":{"line":200,"column":0},"end":{"line":202,"column":1}},"83":{"start":{"line":201,"column":2},"end":{"line":201,"column":31}},"84":{"start":{"line":204,"column":0},"end":{"line":209,"column":1}},"85":{"start":{"line":205,"column":2},"end":{"line":208,"column":4}},"86":{"start":{"line":206,"column":4},"end":{"line":206,"column":51}},"87":{"start":{"line":207,"column":4},"end":{"line":207,"column":60}},"88":{"start":{"line":213,"column":0},"end":{"line":225,"column":1}},"89":{"start":{"line":214,"column":2},"end":{"line":214,"column":20}},"90":{"start":{"line":215,"column":2},"end":{"line":222,"column":3}},"91":{"start":{"line":216,"column":4},"end":{"line":220,"column":5}},"92":{"start":{"line":219,"column":8},"end":{"line":219,"column":20}},"93":{"start":{"line":221,"column":4},"end":{"line":221,"column":14}},"94":{"start":{"line":223,"column":2},"end":{"line":223,"column":21}},"95":{"start":{"line":224,"column":2},"end":{"line":224,"column":16}},"96":{"start":{"line":227,"column":0},"end":{"line":229,"column":1}},"97":{"start":{"line":228,"column":2},"end":{"line":228,"column":37}},"98":{"start":{"line":231,"column":0},"end":{"line":234,"column":1}},"99":{"start":{"line":232,"column":2},"end":{"line":233,"column":65}},"100":{"start":{"line":236,"column":0},"end":{"line":256,"column":1}},"101":{"start":{"line":237,"column":2},"end":{"line":255,"column":3}},"102":{"start":{"line":238,"column":4},"end":{"line":251,"column":5}},"103":{"start":{"line":244,"column":6},"end":{"line":244,"column":20}},"104":{"start":{"line":245,"column":6},"end":{"line":250,"column":8}},"105":{"start":{"line":252,"column":4},"end":{"line":252,"column":36}},"106":{"start":{"line":254,"column":4},"end":{"line":254,"column":29}},"107":{"start":{"line":261,"column":0},"end":{"line":271,"column":1}},"108":{"start":{"line":262,"column":2},"end":{"line":270,"column":3}},"109":{"start":{"line":263,"column":21},"end":{"line":267,"column":30}},"110":{"start":{"line":268,"column":19},"end":{"line":268,"column":29}},"111":{"start":{"line":269,"column":13},"end":{"line":269,"column":40}},"112":{"start":{"line":280,"column":0},"end":{"line":330,"column":1}},"113":{"start":{"line":281,"column":2},"end":{"line":328,"column":3}},"114":{"start":{"line":325,"column":4},"end":{"line":325,"column":28}},"115":{"start":{"line":326,"column":4},"end":{"line":326,"column":27}},"116":{"start":{"line":327,"column":4},"end":{"line":327,"column":29}},"117":{"start":{"line":329,"column":2},"end":{"line":329,"column":60}},"118":{"start":{"line":329,"column":45},"end":{"line":329,"column":56}},"119":{"start":{"line":336,"column":0},"end":{"line":338,"column":1}},"120":{"start":{"line":337,"column":2},"end":{"line":337,"column":65}},"121":{"start":{"line":342,"column":0},"end":{"line":351,"column":1}},"122":{"start":{"line":343,"column":2},"end":{"line":350,"column":4}},"123":{"start":{"line":344,"column":4},"end":{"line":349,"column":6}},"124":{"start":{"line":356,"column":0},"end":{"line":384,"column":1}},"125":{"start":{"line":357,"column":2},"end":{"line":382,"column":3}},"126":{"start":{"line":367,"column":4},"end":{"line":367,"column":23}},"127":{"start":{"line":368,"column":4},"end":{"line":381,"column":5}},"128":{"start":{"line":373,"column":6},"end":{"line":373,"column":21}},"129":{"start":{"line":374,"column":6},"end":{"line":378,"column":8}},"130":{"start":{"line":380,"column":6},"end":{"line":380,"column":49}},"131":{"start":{"line":383,"column":2},"end":{"line":383,"column":67}},"132":{"start":{"line":386,"column":0},"end":{"line":393,"column":2}},"133":{"start":{"line":395,"column":0},"end":{"line":407,"column":1}},"134":{"start":{"line":396,"column":2},"end":{"line":401,"column":5}},"135":{"start":{"line":397,"column":4},"end":{"line":399,"column":5}},"136":{"start":{"line":398,"column":6},"end":{"line":398,"column":63}},"137":{"start":{"line":400,"column":4},"end":{"line":400,"column":29}},"138":{"start":{"line":402,"column":2},"end":{"line":406,"column":4}},"139":{"start":{"line":412,"column":0},"end":{"line":420,"column":1}},"140":{"start":{"line":413,"column":2},"end":{"line":414,"column":91}},"141":{"start":{"line":415,"column":2},"end":{"line":419,"column":4}},"142":{"start":{"line":426,"column":0},"end":{"line":429,"column":1}},"143":{"start":{"line":427,"column":2},"end":{"line":427,"column":57}},"144":{"start":{"line":428,"column":2},"end":{"line":428,"column":50}},"145":{"start":{"line":431,"column":0},"end":{"line":433,"column":1}},"146":{"start":{"line":432,"column":2},"end":{"line":432,"column":80}},"147":{"start":{"line":439,"column":0},"end":{"line":460,"column":1}},"148":{"start":{"line":463,"column":0},"end":{"line":463,"column":69}},"149":{"start":{"line":463,"column":38},"end":{"line":463,"column":66}},"150":{"start":{"line":465,"column":0},"end":{"line":475,"column":2}},"151":{"start":{"line":466,"column":2},"end":{"line":474,"column":3}},"152":{"start":{"line":467,"column":4},"end":{"line":469,"column":5}},"153":{"start":{"line":468,"column":6},"end":{"line":468,"column":41}},"154":{"start":{"line":470,"column":4},"end":{"line":470,"column":41}},"155":{"start":{"line":473,"column":4},"end":{"line":473,"column":45}},"156":{"start":{"line":477,"column":0},"end":{"line":484,"column":3}},"157":{"start":{"line":479,"column":4},"end":{"line":479,"column":21}},"158":{"start":{"line":482,"column":4},"end":{"line":482,"column":24}},"159":{"start":{"line":486,"column":0},"end":{"line":486,"column":23}},"160":{"start":{"line":489,"column":0},"end":{"line":489,"column":19}},"161":{"start":{"line":492,"column":0},"end":{"line":492,"column":18}},"162":{"start":{"line":493,"column":0},"end":{"line":493,"column":37}}},"branchMap":{"1":{"line":10,"type":"cond-expr","locations":[{"start":{"line":11,"column":5},"end":{"line":15,"column":33}},{"start":{"line":16,"column":4},"end":{"line":18,"column":28}}]},"2":{"line":11,"type":"cond-expr","locations":[{"start":{"line":12,"column":6},"end":{"line":12,"column":21}},{"start":{"line":13,"column":7},"end":{"line":15,"column":32}}]},"3":{"line":11,"type":"binary-expr","locations":[{"start":{"line":11,"column":5},"end":{"line":11,"column":17}},{"start":{"line":11,"column":21},"end":{"line":11,"column":45}}]},"4":{"line":13,"type":"cond-expr","locations":[{"start":{"line":14,"column":8},"end":{"line":14,"column":29}},{"start":{"line":15,"column":8},"end":{"line":15,"column":32}}]},"5":{"line":16,"type":"cond-expr","locations":[{"start":{"line":17,"column":6},"end":{"line":17,"column":21}},{"start":{"line":17,"column":24},"end":{"line":17,"column":34}}]},"6":{"line":32,"type":"if","locations":[{"start":{"line":32,"column":2},"end":{"line":32,"column":2}},{"start":{"line":32,"column":2},"end":{"line":32,"column":2}}]},"7":{"line":33,"type":"binary-expr","locations":[{"start":{"line":33,"column":4},"end":{"line":33,"column":10}},{"start":{"line":34,"column":4},"end":{"line":34,"column":31}}]},"8":{"line":39,"type":"cond-expr","locations":[{"start":{"line":39,"column":34},"end":{"line":39,"column":45}},{"start":{"line":39,"column":48},"end":{"line":39,"column":54}}]},"9":{"line":51,"type":"cond-expr","locations":[{"start":{"line":52,"column":4},"end":{"line":52,"column":19}},{"start":{"line":53,"column":4},"end":{"line":53,"column":35}}]},"10":{"line":51,"type":"binary-expr","locations":[{"start":{"line":51,"column":9},"end":{"line":51,"column":29}},{"start":{"line":51,"column":33},"end":{"line":51,"column":44}}]},"11":{"line":53,"type":"binary-expr","locations":[{"start":{"line":53,"column":20},"end":{"line":53,"column":24}},{"start":{"line":53,"column":28},"end":{"line":53,"column":34}}]},"12":{"line":60,"type":"cond-expr","locations":[{"start":{"line":61,"column":4},"end":{"line":61,"column":17}},{"start":{"line":62,"column":5},"end":{"line":62,"column":55}}]},"13":{"line":62,"type":"binary-expr","locations":[{"start":{"line":62,"column":5},"end":{"line":62,"column":20}},{"start":{"line":62,"column":24},"end":{"line":62,"column":55}}]},"14":{"line":98,"type":"binary-expr","locations":[{"start":{"line":98,"column":21},"end":{"line":98,"column":29}},{"start":{"line":98,"column":33},"end":{"line":98,"column":39}}]},"15":{"line":119,"type":"cond-expr","locations":[{"start":{"line":119,"column":43},"end":{"line":119,"column":60}},{"start":{"line":119,"column":63},"end":{"line":119,"column":69}}]},"16":{"line":127,"type":"cond-expr","locations":[{"start":{"line":127,"column":33},"end":{"line":127,"column":41}},{"start":{"line":127,"column":44},"end":{"line":127,"column":59}}]},"17":{"line":137,"type":"cond-expr","locations":[{"start":{"line":137,"column":22},"end":{"line":137,"column":37}},{"start":{"line":137,"column":40},"end":{"line":137,"column":48}}]},"18":{"line":138,"type":"if","locations":[{"start":{"line":138,"column":2},"end":{"line":138,"column":2}},{"start":{"line":138,"column":2},"end":{"line":138,"column":2}}]},"19":{"line":140,"type":"if","locations":[{"start":{"line":140,"column":9},"end":{"line":140,"column":9}},{"start":{"line":140,"column":9},"end":{"line":140,"column":9}}]},"20":{"line":142,"type":"if","locations":[{"start":{"line":142,"column":9},"end":{"line":142,"column":9}},{"start":{"line":142,"column":9},"end":{"line":142,"column":9}}]},"21":{"line":153,"type":"if","locations":[{"start":{"line":153,"column":4},"end":{"line":153,"column":4}},{"start":{"line":153,"column":4},"end":{"line":153,"column":4}}]},"22":{"line":166,"type":"cond-expr","locations":[{"start":{"line":166,"column":29},"end":{"line":166,"column":31}},{"start":{"line":166,"column":34},"end":{"line":166,"column":54}}]},"23":{"line":167,"type":"switch","locations":[{"start":{"line":168,"column":4},"end":{"line":168,"column":58}},{"start":{"line":169,"column":4},"end":{"line":169,"column":19}},{"start":{"line":170,"column":4},"end":{"line":170,"column":50}},{"start":{"line":171,"column":4},"end":{"line":173,"column":90}},{"start":{"line":174,"column":4},"end":{"line":175,"column":53}},{"start":{"line":176,"column":4},"end":{"line":189,"column":68}}]},"24":{"line":172,"type":"if","locations":[{"start":{"line":172,"column":6},"end":{"line":172,"column":6}},{"start":{"line":172,"column":6},"end":{"line":172,"column":6}}]},"25":{"line":173,"type":"if","locations":[{"start":{"line":173,"column":6},"end":{"line":173,"column":6}},{"start":{"line":173,"column":6},"end":{"line":173,"column":6}}]},"26":{"line":175,"type":"if","locations":[{"start":{"line":175,"column":6},"end":{"line":175,"column":6}},{"start":{"line":175,"column":6},"end":{"line":175,"column":6}}]},"27":{"line":177,"type":"if","locations":[{"start":{"line":177,"column":6},"end":{"line":177,"column":6}},{"start":{"line":177,"column":6},"end":{"line":177,"column":6}}]},"28":{"line":179,"type":"if","locations":[{"start":{"line":179,"column":10},"end":{"line":179,"column":10}},{"start":{"line":179,"column":10},"end":{"line":179,"column":10}}]},"29":{"line":185,"type":"if","locations":[{"start":{"line":185,"column":6},"end":{"line":185,"column":6}},{"start":{"line":185,"column":6},"end":{"line":185,"column":6}}]},"30":{"line":186,"type":"if","locations":[{"start":{"line":186,"column":6},"end":{"line":186,"column":6}},{"start":{"line":186,"column":6},"end":{"line":186,"column":6}}]},"31":{"line":187,"type":"if","locations":[{"start":{"line":187,"column":6},"end":{"line":187,"column":6}},{"start":{"line":187,"column":6},"end":{"line":187,"column":6}}]},"32":{"line":188,"type":"if","locations":[{"start":{"line":188,"column":6},"end":{"line":188,"column":6}},{"start":{"line":188,"column":6},"end":{"line":188,"column":6}}]},"33":{"line":207,"type":"cond-expr","locations":[{"start":{"line":207,"column":28},"end":{"line":207,"column":30}},{"start":{"line":207,"column":33},"end":{"line":207,"column":59}}]},"34":{"line":216,"type":"switch","locations":[{"start":{"line":217,"column":6},"end":{"line":217,"column":16}},{"start":{"line":218,"column":6},"end":{"line":219,"column":20}}]},"35":{"line":232,"type":"cond-expr","locations":[{"start":{"line":233,"column":43},"end":{"line":233,"column":55}},{"start":{"line":233,"column":59},"end":{"line":233,"column":64}}]},"36":{"line":232,"type":"binary-expr","locations":[{"start":{"line":232,"column":9},"end":{"line":232,"column":34}},{"start":{"line":233,"column":10},"end":{"line":233,"column":39}}]},"37":{"line":237,"type":"if","locations":[{"start":{"line":237,"column":2},"end":{"line":237,"column":2}},{"start":{"line":237,"column":2},"end":{"line":237,"column":2}}]},"38":{"line":262,"type":"switch","locations":[{"start":{"line":263,"column":4},"end":{"line":267,"column":30}},{"start":{"line":268,"column":4},"end":{"line":268,"column":29}},{"start":{"line":269,"column":4},"end":{"line":269,"column":40}}]},"39":{"line":264,"type":"cond-expr","locations":[{"start":{"line":265,"column":9},"end":{"line":265,"column":28}},{"start":{"line":266,"column":8},"end":{"line":266,"column":13}}]},"40":{"line":264,"type":"binary-expr","locations":[{"start":{"line":264,"column":6},"end":{"line":264,"column":29}},{"start":{"line":264,"column":33},"end":{"line":264,"column":57}}]},"41":{"line":269,"type":"binary-expr","locations":[{"start":{"line":269,"column":27},"end":{"line":269,"column":32}},{"start":{"line":269,"column":36},"end":{"line":269,"column":38}}]},"42":{"line":337,"type":"cond-expr","locations":[{"start":{"line":337,"column":42},"end":{"line":337,"column":47}},{"start":{"line":337,"column":50},"end":{"line":337,"column":57}}]},"43":{"line":346,"type":"binary-expr","locations":[{"start":{"line":346,"column":6},"end":{"line":346,"column":32}},{"start":{"line":347,"column":6},"end":{"line":347,"column":28}},{"start":{"line":348,"column":6},"end":{"line":348,"column":19}}]},"44":{"line":368,"type":"if","locations":[{"start":{"line":368,"column":4},"end":{"line":368,"column":4}},{"start":{"line":368,"column":4},"end":{"line":368,"column":4}}]},"45":{"line":369,"type":"binary-expr","locations":[{"start":{"line":369,"column":7},"end":{"line":369,"column":30}},{"start":{"line":369,"column":34},"end":{"line":369,"column":46}},{"start":{"line":371,"column":7},"end":{"line":371,"column":37}},{"start":{"line":371,"column":41},"end":{"line":371,"column":61}}]},"46":{"line":375,"type":"cond-expr","locations":[{"start":{"line":375,"column":32},"end":{"line":375,"column":60}},{"start":{"line":375,"column":63},"end":{"line":375,"column":66}}]},"47":{"line":383,"type":"cond-expr","locations":[{"start":{"line":383,"column":19},"end":{"line":383,"column":50}},{"start":{"line":383,"column":53},"end":{"line":383,"column":66}}]},"48":{"line":397,"type":"if","locations":[{"start":{"line":397,"column":4},"end":{"line":397,"column":4}},{"start":{"line":397,"column":4},"end":{"line":397,"column":4}}]},"49":{"line":413,"type":"binary-expr","locations":[{"start":{"line":413,"column":13},"end":{"line":413,"column":36}},{"start":{"line":414,"column":6},"end":{"line":414,"column":90}}]},"50":{"line":427,"type":"binary-expr","locations":[{"start":{"line":427,"column":13},"end":{"line":427,"column":27}},{"start":{"line":427,"column":31},"end":{"line":427,"column":56}}]},"51":{"line":428,"type":"binary-expr","locations":[{"start":{"line":428,"column":9},"end":{"line":428,"column":17}},{"start":{"line":428,"column":22},"end":{"line":428,"column":48}}]},"52":{"line":432,"type":"cond-expr","locations":[{"start":{"line":432,"column":22},"end":{"line":432,"column":73}},{"start":{"line":432,"column":77},"end":{"line":432,"column":79}}]},"53":{"line":466,"type":"if","locations":[{"start":{"line":466,"column":2},"end":{"line":466,"column":2}},{"start":{"line":466,"column":2},"end":{"line":466,"column":2}}]},"54":{"line":467,"type":"if","locations":[{"start":{"line":467,"column":4},"end":{"line":467,"column":4}},{"start":{"line":467,"column":4},"end":{"line":467,"column":4}}]}}},"/home/laszlo/dev/viperHTML/Component.js":{"path":"/home/laszlo/dev/viperHTML/Component.js","s":{"1":1,"2":1,"3":15,"4":15,"5":10,"6":10,"7":1,"8":1,"9":10,"10":10,"11":10,"12":1,"13":10,"14":10,"15":10,"16":21,"17":10,"18":2,"19":10,"20":1,"21":1,"22":1,"23":3,"24":3,"25":1,"26":15,"27":3,"28":3,"29":12,"30":12,"31":1,"32":5,"33":5,"34":5,"35":1,"36":21},"b":{"1":[15,5],"2":[9,6],"3":[1,9],"4":[2,8],"5":[3,3,12],"6":[3,1],"7":[3,3],"8":[12,4],"9":[12,6]},"f":{"1":15,"2":1,"3":10,"4":10,"5":1,"6":1,"7":10,"8":10,"9":10,"10":1,"11":10},"fnMap":{"1":{"name":"(anonymous_1)","line":4,"loc":{"start":{"line":4,"column":12},"end":{"line":4,"column":26}}},"2":{"name":"(anonymous_2)","line":8,"loc":{"start":{"line":8,"column":13},"end":{"line":8,"column":16}}},"3":{"name":"(anonymous_3)","line":9,"loc":{"start":{"line":9,"column":10},"end":{"line":9,"column":13}}},"4":{"name":"(anonymous_4)","line":10,"loc":{"start":{"line":10,"column":10},"end":{"line":10,"column":18}}},"5":{"name":"(anonymous_5)","line":11,"loc":{"start":{"line":11,"column":9},"end":{"line":11,"column":12}}},"6":{"name":"(anonymous_6)","line":12,"loc":{"start":{"line":12,"column":9},"end":{"line":12,"column":17}}},"7":{"name":"(anonymous_7)","line":13,"loc":{"start":{"line":13,"column":11},"end":{"line":13,"column":14}}},"8":{"name":"(anonymous_8)","line":14,"loc":{"start":{"line":14,"column":11},"end":{"line":14,"column":19}}},"9":{"name":"(anonymous_9)","line":15,"loc":{"start":{"line":15,"column":18},"end":{"line":15,"column":21}}},"10":{"name":"(anonymous_10)","line":16,"loc":{"start":{"line":16,"column":10},"end":{"line":16,"column":13}}},"11":{"name":"(anonymous_11)","line":17,"loc":{"start":{"line":17,"column":10},"end":{"line":17,"column":26}}}},"statementMap":{"1":{"start":{"line":3,"column":0},"end":{"line":27,"column":2}},"2":{"start":{"line":3,"column":27},"end":{"line":27,"column":1}},"3":{"start":{"line":5,"column":4},"end":{"line":5,"column":55}},"4":{"start":{"line":6,"column":4},"end":{"line":6,"column":65}},"5":{"start":{"line":9,"column":15},"end":{"line":9,"column":54}},"6":{"start":{"line":10,"column":20},"end":{"line":10,"column":53}},"7":{"start":{"line":11,"column":14},"end":{"line":11,"column":52}},"8":{"start":{"line":12,"column":19},"end":{"line":12,"column":51}},"9":{"start":{"line":13,"column":16},"end":{"line":13,"column":56}},"10":{"start":{"line":14,"column":21},"end":{"line":14,"column":55}},"11":{"start":{"line":15,"column":23},"end":{"line":15,"column":33}},"12":{"start":{"line":16,"column":15},"end":{"line":16,"column":27}},"13":{"start":{"line":18,"column":4},"end":{"line":18,"column":28}},"14":{"start":{"line":19,"column":4},"end":{"line":19,"column":80}},"15":{"start":{"line":20,"column":4},"end":{"line":20,"column":54}},"16":{"start":{"line":20,"column":28},"end":{"line":20,"column":54}},"17":{"start":{"line":21,"column":4},"end":{"line":21,"column":40}},"18":{"start":{"line":21,"column":26},"end":{"line":21,"column":40}},"19":{"start":{"line":22,"column":4},"end":{"line":22,"column":16}},"20":{"start":{"line":30,"column":0},"end":{"line":30,"column":29}},"21":{"start":{"line":31,"column":0},"end":{"line":31,"column":29}},"22":{"start":{"line":32,"column":0},"end":{"line":35,"column":2}},"23":{"start":{"line":33,"column":2},"end":{"line":33,"column":24}},"24":{"start":{"line":34,"column":2},"end":{"line":34,"column":19}},"25":{"start":{"line":36,"column":0},"end":{"line":46,"column":2}},"26":{"start":{"line":37,"column":2},"end":{"line":45,"column":3}},"27":{"start":{"line":40,"column":6},"end":{"line":40,"column":50}},"28":{"start":{"line":41,"column":6},"end":{"line":41,"column":67}},"29":{"start":{"line":43,"column":6},"end":{"line":43,"column":51}},"30":{"start":{"line":44,"column":6},"end":{"line":44,"column":53}},"31":{"start":{"line":47,"column":0},"end":{"line":51,"column":2}},"32":{"start":{"line":48,"column":2},"end":{"line":48,"column":34}},"33":{"start":{"line":49,"column":2},"end":{"line":49,"column":30}},"34":{"start":{"line":50,"column":2},"end":{"line":50,"column":14}},"35":{"start":{"line":54,"column":0},"end":{"line":55,"column":71}},"36":{"start":{"line":55,"column":2},"end":{"line":55,"column":70}}},"branchMap":{"1":{"line":5,"type":"binary-expr","locations":[{"start":{"line":5,"column":17},"end":{"line":5,"column":38}},{"start":{"line":5,"column":42},"end":{"line":5,"column":54}}]},"2":{"line":6,"type":"cond-expr","locations":[{"start":{"line":6,"column":49},"end":{"line":6,"column":58}},{"start":{"line":6,"column":61},"end":{"line":6,"column":63}}]},"3":{"line":19,"type":"cond-expr","locations":[{"start":{"line":19,"column":47},"end":{"line":19,"column":71}},{"start":{"line":19,"column":74},"end":{"line":19,"column":79}}]},"4":{"line":21,"type":"if","locations":[{"start":{"line":21,"column":4},"end":{"line":21,"column":4}},{"start":{"line":21,"column":4},"end":{"line":21,"column":4}}]},"5":{"line":37,"type":"switch","locations":[{"start":{"line":38,"column":4},"end":{"line":38,"column":18}},{"start":{"line":39,"column":4},"end":{"line":41,"column":67}},{"start":{"line":42,"column":4},"end":{"line":44,"column":53}}]},"6":{"line":40,"type":"binary-expr","locations":[{"start":{"line":40,"column":17},"end":{"line":40,"column":23}},{"start":{"line":40,"column":28},"end":{"line":40,"column":48}}]},"7":{"line":41,"type":"binary-expr","locations":[{"start":{"line":41,"column":13},"end":{"line":41,"column":23}},{"start":{"line":41,"column":27},"end":{"line":41,"column":66}}]},"8":{"line":43,"type":"binary-expr","locations":[{"start":{"line":43,"column":17},"end":{"line":43,"column":23}},{"start":{"line":43,"column":28},"end":{"line":43,"column":49}}]},"9":{"line":44,"type":"binary-expr","locations":[{"start":{"line":44,"column":13},"end":{"line":44,"column":19}},{"start":{"line":44,"column":24},"end":{"line":44,"column":51}}]}}},"/home/laszlo/dev/viperHTML/template-info.js":{"path":"/home/laszlo/dev/viperHTML/template-info.js","s":{"1":1,"2":1,"3":1,"4":1,"5":1,"6":2,"7":2,"8":1,"9":18,"10":1,"11":97,"12":1,"13":24,"14":1,"15":1,"16":74,"17":74,"18":1,"19":46,"20":46,"21":46,"22":46,"23":46,"24":46,"25":43,"26":43,"27":43,"28":71,"29":28,"30":28,"31":28,"32":28,"33":28,"34":24,"35":10,"36":7,"37":7,"38":3,"39":14,"40":14,"41":24,"42":24,"43":21,"44":4,"45":1,"46":3,"47":3,"48":43,"49":1,"50":1,"51":1,"52":1,"53":1,"54":43,"55":40,"56":43,"57":55,"58":55,"59":5,"60":5,"61":2,"62":2,"63":1,"64":1,"65":47,"66":47,"67":28,"68":27,"69":27,"70":1,"71":46,"72":46,"73":46,"74":46,"75":1,"76":74},"b":{"1":[1,1],"2":[24,10],"3":[24,10],"4":[74,46],"5":[28,43],"6":[28,24],"7":[24,4],"8":[10,14],"9":[7,3],"10":[1,13],"11":[2,11],"12":[21,3],"13":[24,10],"14":[1,3],"15":[4,1],"16":[2,1],"17":[40,3],"18":[1,5,2,1,47],"19":[27,1]},"f":{"1":1,"2":1,"3":2,"4":18,"5":97,"6":24,"7":74,"8":46,"9":43,"10":1,"11":1,"12":1,"13":43,"14":55,"15":28,"16":46,"17":74},"fnMap":{"1":{"name":"templateInfo","line":3,"loc":{"start":{"line":3,"column":17},"end":{"line":3,"column":44}}},"2":{"name":"minifyCSS","line":9,"loc":{"start":{"line":9,"column":2},"end":{"line":9,"column":23}}},"3":{"name":"minifyJS","line":13,"loc":{"start":{"line":13,"column":2},"end":{"line":13,"column":35}}},"4":{"name":"comments","line":26,"loc":{"start":{"line":26,"column":2},"end":{"line":26,"column":36}}},"5":{"name":"empty","line":31,"loc":{"start":{"line":31,"column":2},"end":{"line":31,"column":24}}},"6":{"name":"sanitizeAttributes","line":36,"loc":{"start":{"line":36,"column":2},"end":{"line":36,"column":42}}},"7":{"name":"(anonymous_7)","line":55,"loc":{"start":{"line":55,"column":9},"end":{"line":55,"column":40}}},"8":{"name":"transform","line":65,"loc":{"start":{"line":65,"column":2},"end":{"line":65,"column":49}}},"9":{"name":"(anonymous_9)","line":72,"loc":{"start":{"line":72,"column":17},"end":{"line":72,"column":45}}},"10":{"name":"(anonymous_10)","line":113,"loc":{"start":{"line":113,"column":20},"end":{"line":113,"column":32}}},"11":{"name":"(anonymous_11)","line":117,"loc":{"start":{"line":117,"column":18},"end":{"line":117,"column":30}}},"12":{"name":"(anonymous_12)","line":121,"loc":{"start":{"line":121,"column":31},"end":{"line":121,"column":53}}},"13":{"name":"(anonymous_13)","line":124,"loc":{"start":{"line":124,"column":18},"end":{"line":124,"column":34}}},"14":{"name":"(anonymous_14)","line":130,"loc":{"start":{"line":130,"column":14},"end":{"line":130,"column":30}}},"15":{"name":"(anonymous_15)","line":148,"loc":{"start":{"line":148,"column":17},"end":{"line":148,"column":33}}},"16":{"name":"(anonymous_16)","line":156,"loc":{"start":{"line":156,"column":13},"end":{"line":156,"column":25}}},"17":{"name":"(anonymous_17)","line":172,"loc":{"start":{"line":172,"column":7},"end":{"line":172,"column":36}}}},"statementMap":{"1":{"start":{"line":1,"column":0},"end":{"line":1,"column":44}},"2":{"start":{"line":3,"column":0},"end":{"line":176,"column":1}},"3":{"start":{"line":9,"column":2},"end":{"line":11,"column":3}},"4":{"start":{"line":10,"column":4},"end":{"line":10,"column":50}},"5":{"start":{"line":13,"column":2},"end":{"line":19,"column":3}},"6":{"start":{"line":14,"column":4},"end":{"line":17,"column":17}},"7":{"start":{"line":18,"column":4},"end":{"line":18,"column":45}},"8":{"start":{"line":26,"column":2},"end":{"line":28,"column":3}},"9":{"start":{"line":27,"column":4},"end":{"line":27,"column":69}},"10":{"start":{"line":31,"column":2},"end":{"line":33,"column":3}},"11":{"start":{"line":32,"column":4},"end":{"line":32,"column":50}},"12":{"start":{"line":36,"column":2},"end":{"line":38,"column":3}},"13":{"start":{"line":37,"column":4},"end":{"line":37,"column":48}},"14":{"start":{"line":44,"column":2},"end":{"line":53,"column":42}},"15":{"start":{"line":54,"column":4},"end":{"line":59,"column":3}},"16":{"start":{"line":56,"column":6},"end":{"line":56,"column":32}},"17":{"start":{"line":57,"column":6},"end":{"line":57,"column":76}},"18":{"start":{"line":65,"column":2},"end":{"line":169,"column":3}},"19":{"start":{"line":66,"column":4},"end":{"line":66,"column":21}},"20":{"start":{"line":67,"column":4},"end":{"line":67,"column":24}},"21":{"start":{"line":68,"column":4},"end":{"line":68,"column":21}},"22":{"start":{"line":69,"column":4},"end":{"line":69,"column":20}},"23":{"start":{"line":70,"column":4},"end":{"line":70,"column":21}},"24":{"start":{"line":71,"column":4},"end":{"line":162,"column":7}},"25":{"start":{"line":73,"column":8},"end":{"line":73,"column":23}},"26":{"start":{"line":74,"column":8},"end":{"line":74,"column":32}},"27":{"start":{"line":75,"column":8},"end":{"line":110,"column":9}},"28":{"start":{"line":76,"column":10},"end":{"line":109,"column":11}},"29":{"start":{"line":77,"column":12},"end":{"line":77,"column":40}},"30":{"start":{"line":78,"column":12},"end":{"line":78,"column":46}},"31":{"start":{"line":79,"column":12},"end":{"line":79,"column":56}},"32":{"start":{"line":80,"column":12},"end":{"line":80,"column":69}},"33":{"start":{"line":81,"column":12},"end":{"line":108,"column":13}},"34":{"start":{"line":82,"column":14},"end":{"line":98,"column":15}},"35":{"start":{"line":83,"column":16},"end":{"line":88,"column":19}},"36":{"start":{"line":84,"column":18},"end":{"line":84,"column":47}},"37":{"start":{"line":85,"column":18},"end":{"line":85,"column":57}},"38":{"start":{"line":87,"column":18},"end":{"line":87,"column":66}},"39":{"start":{"line":90,"column":18},"end":{"line":90,"column":47}},"40":{"start":{"line":91,"column":18},"end":{"line":97,"column":20}},"41":{"start":{"line":99,"column":14},"end":{"line":99,"column":42}},"42":{"start":{"line":100,"column":14},"end":{"line":100,"column":59}},"43":{"start":{"line":100,"column":41},"end":{"line":100,"column":59}},"44":{"start":{"line":102,"column":14},"end":{"line":107,"column":15}},"45":{"start":{"line":103,"column":16},"end":{"line":103,"column":39}},"46":{"start":{"line":105,"column":16},"end":{"line":105,"column":63}},"47":{"start":{"line":106,"column":16},"end":{"line":106,"column":65}},"48":{"start":{"line":111,"column":8},"end":{"line":111,"column":26}},"49":{"start":{"line":114,"column":8},"end":{"line":114,"column":34}},"50":{"start":{"line":115,"column":8},"end":{"line":115,"column":23}},"51":{"start":{"line":118,"column":8},"end":{"line":118,"column":28}},"52":{"start":{"line":119,"column":8},"end":{"line":119,"column":24}},"53":{"start":{"line":122,"column":8},"end":{"line":122,"column":37}},"54":{"start":{"line":125,"column":8},"end":{"line":127,"column":9}},"55":{"start":{"line":126,"column":10},"end":{"line":126,"column":40}},"56":{"start":{"line":128,"column":8},"end":{"line":128,"column":21}},"57":{"start":{"line":131,"column":8},"end":{"line":131,"column":40}},"58":{"start":{"line":132,"column":8},"end":{"line":146,"column":9}},"59":{"start":{"line":135,"column":12},"end":{"line":135,"column":31}},"60":{"start":{"line":136,"column":12},"end":{"line":136,"column":18}},"61":{"start":{"line":138,"column":12},"end":{"line":138,"column":41}},"62":{"start":{"line":139,"column":12},"end":{"line":139,"column":18}},"63":{"start":{"line":141,"column":12},"end":{"line":141,"column":42}},"64":{"start":{"line":142,"column":12},"end":{"line":142,"column":18}},"65":{"start":{"line":144,"column":12},"end":{"line":144,"column":31}},"66":{"start":{"line":145,"column":12},"end":{"line":145,"column":18}},"67":{"start":{"line":149,"column":8},"end":{"line":154,"column":9}},"68":{"start":{"line":150,"column":10},"end":{"line":150,"column":38}},"69":{"start":{"line":151,"column":10},"end":{"line":151,"column":56}},"70":{"start":{"line":153,"column":10},"end":{"line":153,"column":46}},"71":{"start":{"line":157,"column":8},"end":{"line":157,"column":36}},"72":{"start":{"line":163,"column":4},"end":{"line":163,"column":61}},"73":{"start":{"line":164,"column":4},"end":{"line":164,"column":18}},"74":{"start":{"line":165,"column":4},"end":{"line":168,"column":6}},"75":{"start":{"line":171,"column":2},"end":{"line":175,"column":3}},"76":{"start":{"line":173,"column":6},"end":{"line":173,"column":43}}},"branchMap":{"1":{"line":18,"type":"cond-expr","locations":[{"start":{"line":18,"column":26},"end":{"line":18,"column":30}},{"start":{"line":18,"column":33},"end":{"line":18,"column":44}}]},"2":{"line":37,"type":"binary-expr","locations":[{"start":{"line":37,"column":17},"end":{"line":37,"column":19}},{"start":{"line":37,"column":23},"end":{"line":37,"column":26}}]},"3":{"line":37,"type":"binary-expr","locations":[{"start":{"line":37,"column":37},"end":{"line":37,"column":39}},{"start":{"line":37,"column":43},"end":{"line":37,"column":46}}]},"4":{"line":57,"type":"binary-expr","locations":[{"start":{"line":57,"column":13},"end":{"line":57,"column":17}},{"start":{"line":57,"column":22},"end":{"line":57,"column":74}}]},"5":{"line":76,"type":"if","locations":[{"start":{"line":76,"column":10},"end":{"line":76,"column":10}},{"start":{"line":76,"column":10},"end":{"line":76,"column":10}}]},"6":{"line":80,"type":"binary-expr","locations":[{"start":{"line":80,"column":26},"end":{"line":80,"column":39}},{"start":{"line":80,"column":43},"end":{"line":80,"column":68}}]},"7":{"line":81,"type":"if","locations":[{"start":{"line":81,"column":12},"end":{"line":81,"column":12}},{"start":{"line":81,"column":12},"end":{"line":81,"column":12}}]},"8":{"line":82,"type":"if","locations":[{"start":{"line":82,"column":14},"end":{"line":82,"column":14}},{"start":{"line":82,"column":14},"end":{"line":82,"column":14}}]},"9":{"line":83,"type":"if","locations":[{"start":{"line":83,"column":16},"end":{"line":83,"column":16}},{"start":{"line":83,"column":16},"end":{"line":83,"column":16}}]},"10":{"line":92,"type":"cond-expr","locations":[{"start":{"line":93,"column":22},"end":{"line":93,"column":46}},{"start":{"line":94,"column":23},"end":{"line":96,"column":52}}]},"11":{"line":94,"type":"cond-expr","locations":[{"start":{"line":95,"column":24},"end":{"line":95,"column":66}},{"start":{"line":96,"column":24},"end":{"line":96,"column":52}}]},"12":{"line":100,"type":"if","locations":[{"start":{"line":100,"column":14},"end":{"line":100,"column":14}},{"start":{"line":100,"column":14},"end":{"line":100,"column":14}}]},"13":{"line":100,"type":"binary-expr","locations":[{"start":{"line":100,"column":18},"end":{"line":100,"column":28}},{"start":{"line":100,"column":32},"end":{"line":100,"column":39}}]},"14":{"line":102,"type":"if","locations":[{"start":{"line":102,"column":14},"end":{"line":102,"column":14}},{"start":{"line":102,"column":14},"end":{"line":102,"column":14}}]},"15":{"line":102,"type":"binary-expr","locations":[{"start":{"line":102,"column":18},"end":{"line":102,"column":27}},{"start":{"line":102,"column":31},"end":{"line":102,"column":49}}]},"16":{"line":105,"type":"cond-expr","locations":[{"start":{"line":105,"column":53},"end":{"line":105,"column":56}},{"start":{"line":105,"column":59},"end":{"line":105,"column":62}}]},"17":{"line":125,"type":"if","locations":[{"start":{"line":125,"column":8},"end":{"line":125,"column":8}},{"start":{"line":125,"column":8},"end":{"line":125,"column":8}}]},"18":{"line":132,"type":"switch","locations":[{"start":{"line":133,"column":10},"end":{"line":133,"column":23}},{"start":{"line":134,"column":10},"end":{"line":136,"column":18}},{"start":{"line":137,"column":10},"end":{"line":139,"column":18}},{"start":{"line":140,"column":10},"end":{"line":142,"column":18}},{"start":{"line":143,"column":10},"end":{"line":145,"column":18}}]},"19":{"line":149,"type":"if","locations":[{"start":{"line":149,"column":8},"end":{"line":149,"column":8}},{"start":{"line":149,"column":8},"end":{"line":149,"column":8}}]}}},"/home/laszlo/dev/viperHTML/update-types.js":{"path":"/home/laszlo/dev/viperHTML/update-types.js","s":{"1":1},"b":{},"f":{},"fnMap":{},"statementMap":{"1":{"start":{"line":1,"column":0},"end":{"line":8,"column":3}}},"branchMap":{}}}