{"/home/laszlo/dev/viperHTML/index.js":{"path":"/home/laszlo/dev/viperHTML/index.js","s":{"1":1,"2":1,"3":8,"4":1,"5":2080,"6":2080,"7":1077,"8":1077,"9":2080,"10":1,"11":1046,"12":1,"13":14,"14":1,"15":1,"16":1,"17":2066,"18":1,"19":1,"20":1,"21":13,"22":13,"23":14,"24":14,"25":13,"26":14,"27":14,"28":1,"29":8042,"30":1,"31":1077,"32":5086,"33":5086,"34":1077,"35":1,"36":3055,"37":1,"38":13,"39":1,"40":5,"41":5,"42":1,"43":4,"44":2,"45":2,"46":1,"47":1,"48":1,"49":4,"50":4,"51":4,"52":2,"53":1,"54":1,"55":6083,"56":6083,"57":6031,"58":5,"59":44,"60":6,"61":38,"62":1,"63":40,"64":6,"65":34,"66":23,"67":39,"68":2,"69":23,"70":11,"71":4,"72":7,"73":1,"74":6,"75":1,"76":5,"77":2,"78":3,"79":1,"80":81,"81":81,"82":1,"83":2018,"84":1,"85":4,"86":1,"87":4,"88":2,"89":2,"90":4,"91":4,"92":1,"93":1,"94":1,"95":2,"96":1,"97":2,"98":1,"99":2,"100":2,"101":1,"102":1,"103":1,"104":2013,"105":2007,"106":3,"107":3,"108":1,"109":14,"110":21,"111":21,"112":21,"113":14,"114":14,"115":1,"116":13,"117":1,"118":18,"119":18,"120":1,"121":2066,"122":10074,"123":10074,"124":2,"125":2,"126":10072,"127":2066,"128":1,"129":1,"130":72,"131":81,"132":4,"133":77,"134":72,"135":1,"136":1077,"137":1077,"138":1,"139":14,"140":14,"141":1,"142":6067,"143":1,"144":1,"145":13,"146":1,"147":2,"148":1,"149":2,"150":1,"151":1,"152":1,"153":1,"154":1,"155":1,"156":1},"b":{"1":[5,3],"2":[2,3],"3":[5,4],"4":[1,2],"5":[1,2],"6":[1077,1003],"7":[2080,1006],"8":[14,2066],"9":[1034,12],"10":[1046,14],"11":[12,4],"12":[12,2],"13":[2,1],"14":[14,1],"15":[3055,2031],"16":[15,3040],"17":[4,1],"18":[1,4],"19":[2,2],"20":[1,1],"21":[2,2],"22":[19,6064],"23":[6031,2,5,44,40,34],"24":[6,38],"25":[1,37],"26":[6,34],"27":[23,11],"28":[2,37],"29":[4,7],"30":[1,6],"31":[1,5],"32":[2,3],"33":[1,2],"34":[1,1],"35":[2,1],"36":[1,1],"37":[2007,3,3],"38":[1,2006],"39":[2007,1],"40":[3,2],"41":[2,11],"42":[18,16,14],"43":[2,10072],"44":[10074,25,23,22],"45":[1,1],"46":[2,2064],"47":[4,77],"48":[81,4],"49":[1077,72],"50":[14,8],"51":[14,9],"52":[6066,1],"53":[1,1]},"f":{"1":8,"2":2080,"3":1046,"4":14,"5":2066,"6":1,"7":13,"8":14,"9":14,"10":8042,"11":1077,"12":3055,"13":13,"14":5,"15":4,"16":2,"17":6083,"18":81,"19":2018,"20":4,"21":4,"22":1,"23":2,"24":2,"25":2013,"26":14,"27":14,"28":13,"29":18,"30":18,"31":2066,"32":72,"33":1077,"34":14,"35":6067,"36":13,"37":2,"38":1,"39":1,"40":13,"41":8},"fnMap":{"1":{"name":"viper","line":9,"loc":{"start":{"line":9,"column":0},"end":{"line":9,"column":21}}},"2":{"name":"render","line":30,"loc":{"start":{"line":30,"column":0},"end":{"line":30,"column":26}}},"3":{"name":"wire","line":50,"loc":{"start":{"line":50,"column":13},"end":{"line":50,"column":38}}},"4":{"name":"getAsync","line":59,"loc":{"start":{"line":59,"column":14},"end":{"line":59,"column":37}}},"5":{"name":"asBuffer","line":75,"loc":{"start":{"line":75,"column":0},"end":{"line":75,"column":26}}},"6":{"name":"asHTML","line":80,"loc":{"start":{"line":80,"column":0},"end":{"line":80,"column":22}}},"7":{"name":"createAsync","line":87,"loc":{"start":{"line":87,"column":0},"end":{"line":87,"column":23}}},"8":{"name":"(anonymous_8)","line":93,"loc":{"start":{"line":93,"column":17},"end":{"line":93,"column":29}}},"9":{"name":"(anonymous_9)","line":97,"loc":{"start":{"line":97,"column":9},"end":{"line":97,"column":29}}},"10":{"name":"escape","line":104,"loc":{"start":{"line":104,"column":0},"end":{"line":104,"column":19}}},"11":{"name":"fixUpdates","line":110,"loc":{"start":{"line":110,"column":0},"end":{"line":110,"column":29}}},"12":{"name":"getUpdateForHTML","line":126,"loc":{"start":{"line":126,"column":0},"end":{"line":126,"column":28}}},"13":{"name":"identity","line":131,"loc":{"start":{"line":131,"column":0},"end":{"line":131,"column":25}}},"14":{"name":"invokeAtDistance","line":136,"loc":{"start":{"line":136,"column":0},"end":{"line":136,"column":40}}},"15":{"name":"invokeTransformer","line":150,"loc":{"start":{"line":150,"column":0},"end":{"line":150,"column":35}}},"16":{"name":"noop","line":162,"loc":{"start":{"line":162,"column":0},"end":{"line":162,"column":16}}},"17":{"name":"asTemplateValue","line":165,"loc":{"start":{"line":165,"column":0},"end":{"line":165,"column":45}}},"18":{"name":"set","line":194,"loc":{"start":{"line":194,"column":0},"end":{"line":194,"column":33}}},"19":{"name":"updateAttribute","line":200,"loc":{"start":{"line":200,"column":0},"end":{"line":200,"column":28}}},"20":{"name":"updateBoolean","line":206,"loc":{"start":{"line":206,"column":0},"end":{"line":206,"column":29}}},"21":{"name":"update","line":208,"loc":{"start":{"line":208,"column":2},"end":{"line":208,"column":25}}},"22":{"name":"ized","line":220,"loc":{"start":{"line":220,"column":0},"end":{"line":220,"column":26}}},"23":{"name":"asCSSValue","line":224,"loc":{"start":{"line":224,"column":0},"end":{"line":224,"column":32}}},"24":{"name":"updateStyle","line":229,"loc":{"start":{"line":229,"column":0},"end":{"line":229,"column":28}}},"25":{"name":"updateEvent","line":254,"loc":{"start":{"line":254,"column":0},"end":{"line":254,"column":28}}},"26":{"name":"chunks","line":273,"loc":{"start":{"line":273,"column":0},"end":{"line":273,"column":18}}},"27":{"name":"(anonymous_27)","line":322,"loc":{"start":{"line":322,"column":31},"end":{"line":322,"column":43}}},"28":{"name":"resolveArray","line":329,"loc":{"start":{"line":329,"column":0},"end":{"line":329,"column":29}}},"29":{"name":"resolveAsTemplateValue","line":335,"loc":{"start":{"line":335,"column":0},"end":{"line":335,"column":40}}},"30":{"name":"(anonymous_30)","line":336,"loc":{"start":{"line":336,"column":9},"end":{"line":336,"column":26}}},"31":{"name":"update","line":349,"loc":{"start":{"line":349,"column":0},"end":{"line":349,"column":18}}},"32":{"name":"setupUpdates","line":387,"loc":{"start":{"line":387,"column":0},"end":{"line":387,"column":51}}},"33":{"name":"upgrade","line":404,"loc":{"start":{"line":404,"column":0},"end":{"line":404,"column":27}}},"34":{"name":"wireWeakly","line":418,"loc":{"start":{"line":418,"column":0},"end":{"line":418,"column":29}}},"35":{"name":"createHyperComment","line":423,"loc":{"start":{"line":423,"column":0},"end":{"line":423,"column":30}}},"36":{"name":"bind","line":453,"loc":{"start":{"line":453,"column":13},"end":{"line":453,"column":36}}},"37":{"name":"define","line":455,"loc":{"start":{"line":455,"column":15},"end":{"line":455,"column":54}}},"38":{"name":"(anonymous_38)","line":464,"loc":{"start":{"line":464,"column":7},"end":{"line":464,"column":19}}},"39":{"name":"(anonymous_39)","line":467,"loc":{"start":{"line":467,"column":7},"end":{"line":467,"column":24}}},"40":{"name":"Async","line":475,"loc":{"start":{"line":475,"column":0},"end":{"line":475,"column":17}}},"41":{"name":"Dict","line":478,"loc":{"start":{"line":478,"column":0},"end":{"line":478,"column":16}}}},"statementMap":{"1":{"start":{"line":6,"column":0},"end":{"line":6,"column":20}},"2":{"start":{"line":9,"column":0},"end":{"line":19,"column":1}},"3":{"start":{"line":10,"column":2},"end":{"line":18,"column":29}},"4":{"start":{"line":30,"column":0},"end":{"line":41,"column":1}},"5":{"start":{"line":31,"column":2},"end":{"line":31,"column":31}},"6":{"start":{"line":32,"column":2},"end":{"line":38,"column":3}},"7":{"start":{"line":36,"column":4},"end":{"line":36,"column":43}},"8":{"start":{"line":37,"column":4},"end":{"line":37,"column":28}},"9":{"start":{"line":39,"column":2},"end":{"line":40,"column":35}},"10":{"start":{"line":50,"column":0},"end":{"line":54,"column":2}},"11":{"start":{"line":51,"column":2},"end":{"line":53,"column":36}},"12":{"start":{"line":59,"column":0},"end":{"line":63,"column":2}},"13":{"start":{"line":60,"column":2},"end":{"line":62,"column":57}},"14":{"start":{"line":65,"column":0},"end":{"line":65,"column":52}},"15":{"start":{"line":66,"column":0},"end":{"line":66,"column":28}},"16":{"start":{"line":75,"column":0},"end":{"line":77,"column":1}},"17":{"start":{"line":76,"column":2},"end":{"line":76,"column":38}},"18":{"start":{"line":80,"column":0},"end":{"line":82,"column":1}},"19":{"start":{"line":81,"column":2},"end":{"line":81,"column":22}},"20":{"start":{"line":87,"column":0},"end":{"line":101,"column":1}},"21":{"start":{"line":88,"column":2},"end":{"line":92,"column":3}},"22":{"start":{"line":93,"column":2},"end":{"line":96,"column":4}},"23":{"start":{"line":94,"column":4},"end":{"line":94,"column":35}},"24":{"start":{"line":95,"column":4},"end":{"line":95,"column":41}},"25":{"start":{"line":97,"column":2},"end":{"line":100,"column":4}},"26":{"start":{"line":98,"column":4},"end":{"line":98,"column":40}},"27":{"start":{"line":99,"column":4},"end":{"line":99,"column":16}},"28":{"start":{"line":104,"column":0},"end":{"line":106,"column":1}},"29":{"start":{"line":105,"column":2},"end":{"line":105,"column":31}},"30":{"start":{"line":110,"column":0},"end":{"line":122,"column":1}},"31":{"start":{"line":111,"column":2},"end":{"line":120,"column":3}},"32":{"start":{"line":118,"column":4},"end":{"line":118,"column":24}},"33":{"start":{"line":119,"column":4},"end":{"line":119,"column":71}},"34":{"start":{"line":121,"column":2},"end":{"line":121,"column":13}},"35":{"start":{"line":126,"column":0},"end":{"line":128,"column":1}},"36":{"start":{"line":127,"column":2},"end":{"line":127,"column":60}},"37":{"start":{"line":131,"column":0},"end":{"line":133,"column":1}},"38":{"start":{"line":132,"column":2},"end":{"line":132,"column":15}},"39":{"start":{"line":136,"column":0},"end":{"line":147,"column":1}},"40":{"start":{"line":137,"column":2},"end":{"line":137,"column":49}},"41":{"start":{"line":138,"column":2},"end":{"line":146,"column":3}},"42":{"start":{"line":139,"column":4},"end":{"line":139,"column":64}},"43":{"start":{"line":140,"column":9},"end":{"line":146,"column":3}},"44":{"start":{"line":141,"column":4},"end":{"line":141,"column":50}},"45":{"start":{"line":142,"column":9},"end":{"line":146,"column":3}},"46":{"start":{"line":143,"column":4},"end":{"line":143,"column":64}},"47":{"start":{"line":145,"column":4},"end":{"line":145,"column":65}},"48":{"start":{"line":150,"column":0},"end":{"line":159,"column":1}},"49":{"start":{"line":151,"column":2},"end":{"line":158,"column":3}},"50":{"start":{"line":152,"column":4},"end":{"line":152,"column":30}},"51":{"start":{"line":153,"column":4},"end":{"line":157,"column":5}},"52":{"start":{"line":156,"column":6},"end":{"line":156,"column":50}},"53":{"start":{"line":162,"column":0},"end":{"line":162,"column":18}},"54":{"start":{"line":165,"column":0},"end":{"line":191,"column":1}},"55":{"start":{"line":166,"column":2},"end":{"line":166,"column":55}},"56":{"start":{"line":167,"column":2},"end":{"line":190,"column":3}},"57":{"start":{"line":168,"column":19},"end":{"line":168,"column":58}},"58":{"start":{"line":170,"column":19},"end":{"line":170,"column":50}},"59":{"start":{"line":172,"column":6},"end":{"line":172,"column":66}},"60":{"start":{"line":172,"column":35},"end":{"line":172,"column":66}},"61":{"start":{"line":173,"column":6},"end":{"line":173,"column":90}},"62":{"start":{"line":173,"column":38},"end":{"line":173,"column":90}},"63":{"start":{"line":175,"column":6},"end":{"line":175,"column":53}},"64":{"start":{"line":175,"column":25},"end":{"line":175,"column":53}},"65":{"start":{"line":177,"column":6},"end":{"line":184,"column":7}},"66":{"start":{"line":178,"column":8},"end":{"line":182,"column":9}},"67":{"start":{"line":179,"column":10},"end":{"line":181,"column":11}},"68":{"start":{"line":180,"column":12},"end":{"line":180,"column":41}},"69":{"start":{"line":183,"column":8},"end":{"line":183,"column":48}},"70":{"start":{"line":185,"column":6},"end":{"line":185,"column":71}},"71":{"start":{"line":185,"column":34},"end":{"line":185,"column":71}},"72":{"start":{"line":186,"column":6},"end":{"line":186,"column":71}},"73":{"start":{"line":186,"column":27},"end":{"line":186,"column":71}},"74":{"start":{"line":187,"column":6},"end":{"line":187,"column":73}},"75":{"start":{"line":187,"column":26},"end":{"line":187,"column":73}},"76":{"start":{"line":188,"column":6},"end":{"line":188,"column":83}},"77":{"start":{"line":188,"column":27},"end":{"line":188,"column":83}},"78":{"start":{"line":189,"column":6},"end":{"line":189,"column":68}},"79":{"start":{"line":194,"column":0},"end":{"line":197,"column":1}},"80":{"start":{"line":195,"column":2},"end":{"line":195,"column":25}},"81":{"start":{"line":196,"column":2},"end":{"line":196,"column":15}},"82":{"start":{"line":200,"column":0},"end":{"line":202,"column":1}},"83":{"start":{"line":201,"column":2},"end":{"line":201,"column":31}},"84":{"start":{"line":206,"column":0},"end":{"line":218,"column":1}},"85":{"start":{"line":207,"column":2},"end":{"line":207,"column":20}},"86":{"start":{"line":208,"column":2},"end":{"line":215,"column":3}},"87":{"start":{"line":209,"column":4},"end":{"line":213,"column":5}},"88":{"start":{"line":212,"column":8},"end":{"line":212,"column":20}},"89":{"start":{"line":214,"column":4},"end":{"line":214,"column":14}},"90":{"start":{"line":216,"column":2},"end":{"line":216,"column":21}},"91":{"start":{"line":217,"column":2},"end":{"line":217,"column":16}},"92":{"start":{"line":220,"column":0},"end":{"line":222,"column":1}},"93":{"start":{"line":221,"column":2},"end":{"line":221,"column":37}},"94":{"start":{"line":224,"column":0},"end":{"line":227,"column":1}},"95":{"start":{"line":225,"column":2},"end":{"line":226,"column":65}},"96":{"start":{"line":229,"column":0},"end":{"line":249,"column":1}},"97":{"start":{"line":230,"column":2},"end":{"line":248,"column":3}},"98":{"start":{"line":231,"column":4},"end":{"line":244,"column":5}},"99":{"start":{"line":237,"column":6},"end":{"line":237,"column":20}},"100":{"start":{"line":238,"column":6},"end":{"line":243,"column":8}},"101":{"start":{"line":245,"column":4},"end":{"line":245,"column":36}},"102":{"start":{"line":247,"column":4},"end":{"line":247,"column":29}},"103":{"start":{"line":254,"column":0},"end":{"line":264,"column":1}},"104":{"start":{"line":255,"column":2},"end":{"line":263,"column":3}},"105":{"start":{"line":256,"column":21},"end":{"line":260,"column":30}},"106":{"start":{"line":261,"column":19},"end":{"line":261,"column":29}},"107":{"start":{"line":262,"column":13},"end":{"line":262,"column":40}},"108":{"start":{"line":273,"column":0},"end":{"line":323,"column":1}},"109":{"start":{"line":274,"column":2},"end":{"line":321,"column":3}},"110":{"start":{"line":318,"column":4},"end":{"line":318,"column":28}},"111":{"start":{"line":319,"column":4},"end":{"line":319,"column":27}},"112":{"start":{"line":320,"column":4},"end":{"line":320,"column":29}},"113":{"start":{"line":322,"column":2},"end":{"line":322,"column":60}},"114":{"start":{"line":322,"column":45},"end":{"line":322,"column":56}},"115":{"start":{"line":329,"column":0},"end":{"line":331,"column":1}},"116":{"start":{"line":330,"column":2},"end":{"line":330,"column":65}},"117":{"start":{"line":335,"column":0},"end":{"line":344,"column":1}},"118":{"start":{"line":336,"column":2},"end":{"line":343,"column":4}},"119":{"start":{"line":337,"column":4},"end":{"line":342,"column":6}},"120":{"start":{"line":349,"column":0},"end":{"line":377,"column":1}},"121":{"start":{"line":350,"column":2},"end":{"line":375,"column":3}},"122":{"start":{"line":360,"column":4},"end":{"line":360,"column":23}},"123":{"start":{"line":361,"column":4},"end":{"line":374,"column":5}},"124":{"start":{"line":366,"column":6},"end":{"line":366,"column":21}},"125":{"start":{"line":367,"column":6},"end":{"line":371,"column":8}},"126":{"start":{"line":373,"column":6},"end":{"line":373,"column":49}},"127":{"start":{"line":376,"column":2},"end":{"line":376,"column":67}},"128":{"start":{"line":379,"column":0},"end":{"line":385,"column":2}},"129":{"start":{"line":387,"column":0},"end":{"line":399,"column":1}},"130":{"start":{"line":388,"column":2},"end":{"line":393,"column":5}},"131":{"start":{"line":389,"column":4},"end":{"line":391,"column":5}},"132":{"start":{"line":390,"column":6},"end":{"line":390,"column":63}},"133":{"start":{"line":392,"column":4},"end":{"line":392,"column":29}},"134":{"start":{"line":394,"column":2},"end":{"line":398,"column":4}},"135":{"start":{"line":404,"column":0},"end":{"line":412,"column":1}},"136":{"start":{"line":405,"column":2},"end":{"line":406,"column":73}},"137":{"start":{"line":407,"column":2},"end":{"line":411,"column":4}},"138":{"start":{"line":418,"column":0},"end":{"line":421,"column":1}},"139":{"start":{"line":419,"column":2},"end":{"line":419,"column":57}},"140":{"start":{"line":420,"column":2},"end":{"line":420,"column":50}},"141":{"start":{"line":423,"column":0},"end":{"line":425,"column":1}},"142":{"start":{"line":424,"column":2},"end":{"line":424,"column":80}},"143":{"start":{"line":431,"column":0},"end":{"line":450,"column":1}},"144":{"start":{"line":453,"column":0},"end":{"line":453,"column":69}},"145":{"start":{"line":453,"column":38},"end":{"line":453,"column":66}},"146":{"start":{"line":455,"column":0},"end":{"line":461,"column":2}},"147":{"start":{"line":456,"column":2},"end":{"line":458,"column":3}},"148":{"start":{"line":457,"column":4},"end":{"line":457,"column":39}},"149":{"start":{"line":459,"column":2},"end":{"line":459,"column":39}},"150":{"start":{"line":463,"column":0},"end":{"line":470,"column":3}},"151":{"start":{"line":465,"column":4},"end":{"line":465,"column":21}},"152":{"start":{"line":468,"column":4},"end":{"line":468,"column":24}},"153":{"start":{"line":472,"column":0},"end":{"line":472,"column":23}},"154":{"start":{"line":475,"column":0},"end":{"line":475,"column":19}},"155":{"start":{"line":478,"column":0},"end":{"line":478,"column":18}},"156":{"start":{"line":479,"column":0},"end":{"line":479,"column":37}}},"branchMap":{"1":{"line":10,"type":"cond-expr","locations":[{"start":{"line":11,"column":5},"end":{"line":15,"column":33}},{"start":{"line":16,"column":4},"end":{"line":18,"column":28}}]},"2":{"line":11,"type":"cond-expr","locations":[{"start":{"line":12,"column":6},"end":{"line":12,"column":21}},{"start":{"line":13,"column":7},"end":{"line":15,"column":32}}]},"3":{"line":11,"type":"binary-expr","locations":[{"start":{"line":11,"column":5},"end":{"line":11,"column":17}},{"start":{"line":11,"column":21},"end":{"line":11,"column":45}}]},"4":{"line":13,"type":"cond-expr","locations":[{"start":{"line":14,"column":8},"end":{"line":14,"column":29}},{"start":{"line":15,"column":8},"end":{"line":15,"column":32}}]},"5":{"line":16,"type":"cond-expr","locations":[{"start":{"line":17,"column":6},"end":{"line":17,"column":21}},{"start":{"line":17,"column":24},"end":{"line":17,"column":34}}]},"6":{"line":32,"type":"if","locations":[{"start":{"line":32,"column":2},"end":{"line":32,"column":2}},{"start":{"line":32,"column":2},"end":{"line":32,"column":2}}]},"7":{"line":33,"type":"binary-expr","locations":[{"start":{"line":33,"column":4},"end":{"line":33,"column":10}},{"start":{"line":34,"column":4},"end":{"line":34,"column":31}}]},"8":{"line":39,"type":"cond-expr","locations":[{"start":{"line":39,"column":34},"end":{"line":39,"column":45}},{"start":{"line":39,"column":48},"end":{"line":39,"column":54}}]},"9":{"line":51,"type":"cond-expr","locations":[{"start":{"line":52,"column":4},"end":{"line":52,"column":19}},{"start":{"line":53,"column":4},"end":{"line":53,"column":35}}]},"10":{"line":51,"type":"binary-expr","locations":[{"start":{"line":51,"column":9},"end":{"line":51,"column":29}},{"start":{"line":51,"column":33},"end":{"line":51,"column":44}}]},"11":{"line":53,"type":"binary-expr","locations":[{"start":{"line":53,"column":20},"end":{"line":53,"column":24}},{"start":{"line":53,"column":28},"end":{"line":53,"column":34}}]},"12":{"line":60,"type":"cond-expr","locations":[{"start":{"line":61,"column":4},"end":{"line":61,"column":17}},{"start":{"line":62,"column":5},"end":{"line":62,"column":55}}]},"13":{"line":62,"type":"binary-expr","locations":[{"start":{"line":62,"column":5},"end":{"line":62,"column":20}},{"start":{"line":62,"column":24},"end":{"line":62,"column":55}}]},"14":{"line":98,"type":"binary-expr","locations":[{"start":{"line":98,"column":21},"end":{"line":98,"column":29}},{"start":{"line":98,"column":33},"end":{"line":98,"column":39}}]},"15":{"line":119,"type":"cond-expr","locations":[{"start":{"line":119,"column":43},"end":{"line":119,"column":60}},{"start":{"line":119,"column":63},"end":{"line":119,"column":69}}]},"16":{"line":127,"type":"cond-expr","locations":[{"start":{"line":127,"column":33},"end":{"line":127,"column":41}},{"start":{"line":127,"column":44},"end":{"line":127,"column":59}}]},"17":{"line":137,"type":"cond-expr","locations":[{"start":{"line":137,"column":22},"end":{"line":137,"column":37}},{"start":{"line":137,"column":40},"end":{"line":137,"column":48}}]},"18":{"line":138,"type":"if","locations":[{"start":{"line":138,"column":2},"end":{"line":138,"column":2}},{"start":{"line":138,"column":2},"end":{"line":138,"column":2}}]},"19":{"line":140,"type":"if","locations":[{"start":{"line":140,"column":9},"end":{"line":140,"column":9}},{"start":{"line":140,"column":9},"end":{"line":140,"column":9}}]},"20":{"line":142,"type":"if","locations":[{"start":{"line":142,"column":9},"end":{"line":142,"column":9}},{"start":{"line":142,"column":9},"end":{"line":142,"column":9}}]},"21":{"line":153,"type":"if","locations":[{"start":{"line":153,"column":4},"end":{"line":153,"column":4}},{"start":{"line":153,"column":4},"end":{"line":153,"column":4}}]},"22":{"line":166,"type":"cond-expr","locations":[{"start":{"line":166,"column":29},"end":{"line":166,"column":31}},{"start":{"line":166,"column":34},"end":{"line":166,"column":54}}]},"23":{"line":167,"type":"switch","locations":[{"start":{"line":168,"column":4},"end":{"line":168,"column":58}},{"start":{"line":169,"column":4},"end":{"line":169,"column":19}},{"start":{"line":170,"column":4},"end":{"line":170,"column":50}},{"start":{"line":171,"column":4},"end":{"line":173,"column":90}},{"start":{"line":174,"column":4},"end":{"line":175,"column":53}},{"start":{"line":176,"column":4},"end":{"line":189,"column":68}}]},"24":{"line":172,"type":"if","locations":[{"start":{"line":172,"column":6},"end":{"line":172,"column":6}},{"start":{"line":172,"column":6},"end":{"line":172,"column":6}}]},"25":{"line":173,"type":"if","locations":[{"start":{"line":173,"column":6},"end":{"line":173,"column":6}},{"start":{"line":173,"column":6},"end":{"line":173,"column":6}}]},"26":{"line":175,"type":"if","locations":[{"start":{"line":175,"column":6},"end":{"line":175,"column":6}},{"start":{"line":175,"column":6},"end":{"line":175,"column":6}}]},"27":{"line":177,"type":"if","locations":[{"start":{"line":177,"column":6},"end":{"line":177,"column":6}},{"start":{"line":177,"column":6},"end":{"line":177,"column":6}}]},"28":{"line":179,"type":"if","locations":[{"start":{"line":179,"column":10},"end":{"line":179,"column":10}},{"start":{"line":179,"column":10},"end":{"line":179,"column":10}}]},"29":{"line":185,"type":"if","locations":[{"start":{"line":185,"column":6},"end":{"line":185,"column":6}},{"start":{"line":185,"column":6},"end":{"line":185,"column":6}}]},"30":{"line":186,"type":"if","locations":[{"start":{"line":186,"column":6},"end":{"line":186,"column":6}},{"start":{"line":186,"column":6},"end":{"line":186,"column":6}}]},"31":{"line":187,"type":"if","locations":[{"start":{"line":187,"column":6},"end":{"line":187,"column":6}},{"start":{"line":187,"column":6},"end":{"line":187,"column":6}}]},"32":{"line":188,"type":"if","locations":[{"start":{"line":188,"column":6},"end":{"line":188,"column":6}},{"start":{"line":188,"column":6},"end":{"line":188,"column":6}}]},"33":{"line":209,"type":"switch","locations":[{"start":{"line":210,"column":6},"end":{"line":210,"column":16}},{"start":{"line":211,"column":6},"end":{"line":212,"column":20}}]},"34":{"line":225,"type":"cond-expr","locations":[{"start":{"line":226,"column":43},"end":{"line":226,"column":55}},{"start":{"line":226,"column":59},"end":{"line":226,"column":64}}]},"35":{"line":225,"type":"binary-expr","locations":[{"start":{"line":225,"column":9},"end":{"line":225,"column":34}},{"start":{"line":226,"column":10},"end":{"line":226,"column":39}}]},"36":{"line":230,"type":"if","locations":[{"start":{"line":230,"column":2},"end":{"line":230,"column":2}},{"start":{"line":230,"column":2},"end":{"line":230,"column":2}}]},"37":{"line":255,"type":"switch","locations":[{"start":{"line":256,"column":4},"end":{"line":260,"column":30}},{"start":{"line":261,"column":4},"end":{"line":261,"column":29}},{"start":{"line":262,"column":4},"end":{"line":262,"column":40}}]},"38":{"line":257,"type":"cond-expr","locations":[{"start":{"line":258,"column":9},"end":{"line":258,"column":28}},{"start":{"line":259,"column":8},"end":{"line":259,"column":13}}]},"39":{"line":257,"type":"binary-expr","locations":[{"start":{"line":257,"column":6},"end":{"line":257,"column":29}},{"start":{"line":257,"column":33},"end":{"line":257,"column":57}}]},"40":{"line":262,"type":"binary-expr","locations":[{"start":{"line":262,"column":27},"end":{"line":262,"column":32}},{"start":{"line":262,"column":36},"end":{"line":262,"column":38}}]},"41":{"line":330,"type":"cond-expr","locations":[{"start":{"line":330,"column":42},"end":{"line":330,"column":47}},{"start":{"line":330,"column":50},"end":{"line":330,"column":57}}]},"42":{"line":339,"type":"binary-expr","locations":[{"start":{"line":339,"column":6},"end":{"line":339,"column":32}},{"start":{"line":340,"column":6},"end":{"line":340,"column":28}},{"start":{"line":341,"column":6},"end":{"line":341,"column":19}}]},"43":{"line":361,"type":"if","locations":[{"start":{"line":361,"column":4},"end":{"line":361,"column":4}},{"start":{"line":361,"column":4},"end":{"line":361,"column":4}}]},"44":{"line":362,"type":"binary-expr","locations":[{"start":{"line":362,"column":7},"end":{"line":362,"column":30}},{"start":{"line":362,"column":34},"end":{"line":362,"column":46}},{"start":{"line":364,"column":7},"end":{"line":364,"column":37}},{"start":{"line":364,"column":41},"end":{"line":364,"column":61}}]},"45":{"line":368,"type":"cond-expr","locations":[{"start":{"line":368,"column":32},"end":{"line":368,"column":60}},{"start":{"line":368,"column":63},"end":{"line":368,"column":66}}]},"46":{"line":376,"type":"cond-expr","locations":[{"start":{"line":376,"column":19},"end":{"line":376,"column":50}},{"start":{"line":376,"column":53},"end":{"line":376,"column":66}}]},"47":{"line":389,"type":"if","locations":[{"start":{"line":389,"column":4},"end":{"line":389,"column":4}},{"start":{"line":389,"column":4},"end":{"line":389,"column":4}}]},"48":{"line":389,"type":"binary-expr","locations":[{"start":{"line":389,"column":7},"end":{"line":389,"column":28}},{"start":{"line":389,"column":32},"end":{"line":389,"column":61}}]},"49":{"line":405,"type":"binary-expr","locations":[{"start":{"line":405,"column":13},"end":{"line":405,"column":36}},{"start":{"line":406,"column":6},"end":{"line":406,"column":72}}]},"50":{"line":419,"type":"binary-expr","locations":[{"start":{"line":419,"column":13},"end":{"line":419,"column":27}},{"start":{"line":419,"column":31},"end":{"line":419,"column":56}}]},"51":{"line":420,"type":"binary-expr","locations":[{"start":{"line":420,"column":9},"end":{"line":420,"column":17}},{"start":{"line":420,"column":22},"end":{"line":420,"column":48}}]},"52":{"line":424,"type":"cond-expr","locations":[{"start":{"line":424,"column":22},"end":{"line":424,"column":73}},{"start":{"line":424,"column":77},"end":{"line":424,"column":79}}]},"53":{"line":456,"type":"if","locations":[{"start":{"line":456,"column":2},"end":{"line":456,"column":2}},{"start":{"line":456,"column":2},"end":{"line":456,"column":2}}]}}},"/home/laszlo/dev/viperHTML/Component.js":{"path":"/home/laszlo/dev/viperHTML/Component.js","s":{"1":1,"2":1,"3":15,"4":15,"5":10,"6":10,"7":1,"8":1,"9":10,"10":10,"11":10,"12":1,"13":10,"14":10,"15":10,"16":21,"17":10,"18":2,"19":10,"20":1,"21":1,"22":1,"23":3,"24":3,"25":1,"26":15,"27":3,"28":3,"29":12,"30":12,"31":1,"32":5,"33":5,"34":5,"35":1,"36":21},"b":{"1":[15,5],"2":[9,6],"3":[1,9],"4":[2,8],"5":[3,3,12],"6":[3,1],"7":[3,3],"8":[12,4],"9":[12,6]},"f":{"1":15,"2":1,"3":10,"4":10,"5":1,"6":1,"7":10,"8":10,"9":10,"10":1,"11":10},"fnMap":{"1":{"name":"(anonymous_1)","line":4,"loc":{"start":{"line":4,"column":12},"end":{"line":4,"column":26}}},"2":{"name":"(anonymous_2)","line":8,"loc":{"start":{"line":8,"column":13},"end":{"line":8,"column":16}}},"3":{"name":"(anonymous_3)","line":9,"loc":{"start":{"line":9,"column":10},"end":{"line":9,"column":13}}},"4":{"name":"(anonymous_4)","line":10,"loc":{"start":{"line":10,"column":10},"end":{"line":10,"column":18}}},"5":{"name":"(anonymous_5)","line":11,"loc":{"start":{"line":11,"column":9},"end":{"line":11,"column":12}}},"6":{"name":"(anonymous_6)","line":12,"loc":{"start":{"line":12,"column":9},"end":{"line":12,"column":17}}},"7":{"name":"(anonymous_7)","line":13,"loc":{"start":{"line":13,"column":11},"end":{"line":13,"column":14}}},"8":{"name":"(anonymous_8)","line":14,"loc":{"start":{"line":14,"column":11},"end":{"line":14,"column":19}}},"9":{"name":"(anonymous_9)","line":15,"loc":{"start":{"line":15,"column":18},"end":{"line":15,"column":21}}},"10":{"name":"(anonymous_10)","line":16,"loc":{"start":{"line":16,"column":10},"end":{"line":16,"column":13}}},"11":{"name":"(anonymous_11)","line":17,"loc":{"start":{"line":17,"column":10},"end":{"line":17,"column":26}}}},"statementMap":{"1":{"start":{"line":3,"column":0},"end":{"line":27,"column":2}},"2":{"start":{"line":3,"column":27},"end":{"line":27,"column":1}},"3":{"start":{"line":5,"column":4},"end":{"line":5,"column":55}},"4":{"start":{"line":6,"column":4},"end":{"line":6,"column":65}},"5":{"start":{"line":9,"column":15},"end":{"line":9,"column":54}},"6":{"start":{"line":10,"column":20},"end":{"line":10,"column":53}},"7":{"start":{"line":11,"column":14},"end":{"line":11,"column":52}},"8":{"start":{"line":12,"column":19},"end":{"line":12,"column":51}},"9":{"start":{"line":13,"column":16},"end":{"line":13,"column":56}},"10":{"start":{"line":14,"column":21},"end":{"line":14,"column":55}},"11":{"start":{"line":15,"column":23},"end":{"line":15,"column":33}},"12":{"start":{"line":16,"column":15},"end":{"line":16,"column":27}},"13":{"start":{"line":18,"column":4},"end":{"line":18,"column":28}},"14":{"start":{"line":19,"column":4},"end":{"line":19,"column":80}},"15":{"start":{"line":20,"column":4},"end":{"line":20,"column":54}},"16":{"start":{"line":20,"column":28},"end":{"line":20,"column":54}},"17":{"start":{"line":21,"column":4},"end":{"line":21,"column":40}},"18":{"start":{"line":21,"column":26},"end":{"line":21,"column":40}},"19":{"start":{"line":22,"column":4},"end":{"line":22,"column":16}},"20":{"start":{"line":30,"column":0},"end":{"line":30,"column":29}},"21":{"start":{"line":31,"column":0},"end":{"line":31,"column":29}},"22":{"start":{"line":32,"column":0},"end":{"line":35,"column":2}},"23":{"start":{"line":33,"column":2},"end":{"line":33,"column":24}},"24":{"start":{"line":34,"column":2},"end":{"line":34,"column":19}},"25":{"start":{"line":36,"column":0},"end":{"line":46,"column":2}},"26":{"start":{"line":37,"column":2},"end":{"line":45,"column":3}},"27":{"start":{"line":40,"column":6},"end":{"line":40,"column":50}},"28":{"start":{"line":41,"column":6},"end":{"line":41,"column":67}},"29":{"start":{"line":43,"column":6},"end":{"line":43,"column":51}},"30":{"start":{"line":44,"column":6},"end":{"line":44,"column":53}},"31":{"start":{"line":47,"column":0},"end":{"line":51,"column":2}},"32":{"start":{"line":48,"column":2},"end":{"line":48,"column":34}},"33":{"start":{"line":49,"column":2},"end":{"line":49,"column":30}},"34":{"start":{"line":50,"column":2},"end":{"line":50,"column":14}},"35":{"start":{"line":54,"column":0},"end":{"line":55,"column":71}},"36":{"start":{"line":55,"column":2},"end":{"line":55,"column":70}}},"branchMap":{"1":{"line":5,"type":"binary-expr","locations":[{"start":{"line":5,"column":17},"end":{"line":5,"column":38}},{"start":{"line":5,"column":42},"end":{"line":5,"column":54}}]},"2":{"line":6,"type":"cond-expr","locations":[{"start":{"line":6,"column":49},"end":{"line":6,"column":58}},{"start":{"line":6,"column":61},"end":{"line":6,"column":63}}]},"3":{"line":19,"type":"cond-expr","locations":[{"start":{"line":19,"column":47},"end":{"line":19,"column":71}},{"start":{"line":19,"column":74},"end":{"line":19,"column":79}}]},"4":{"line":21,"type":"if","locations":[{"start":{"line":21,"column":4},"end":{"line":21,"column":4}},{"start":{"line":21,"column":4},"end":{"line":21,"column":4}}]},"5":{"line":37,"type":"switch","locations":[{"start":{"line":38,"column":4},"end":{"line":38,"column":18}},{"start":{"line":39,"column":4},"end":{"line":41,"column":67}},{"start":{"line":42,"column":4},"end":{"line":44,"column":53}}]},"6":{"line":40,"type":"binary-expr","locations":[{"start":{"line":40,"column":17},"end":{"line":40,"column":23}},{"start":{"line":40,"column":28},"end":{"line":40,"column":48}}]},"7":{"line":41,"type":"binary-expr","locations":[{"start":{"line":41,"column":13},"end":{"line":41,"column":23}},{"start":{"line":41,"column":27},"end":{"line":41,"column":66}}]},"8":{"line":43,"type":"binary-expr","locations":[{"start":{"line":43,"column":17},"end":{"line":43,"column":23}},{"start":{"line":43,"column":28},"end":{"line":43,"column":49}}]},"9":{"line":44,"type":"binary-expr","locations":[{"start":{"line":44,"column":13},"end":{"line":44,"column":19}},{"start":{"line":44,"column":24},"end":{"line":44,"column":51}}]}}},"/home/laszlo/dev/viperHTML/template-info.js":{"path":"/home/laszlo/dev/viperHTML/template-info.js","s":{"1":1,"2":1,"3":1,"4":1,"5":2,"6":2,"7":1,"8":16,"9":1,"10":93,"11":1,"12":22,"13":1,"14":1,"15":72,"16":72,"17":1,"18":44,"19":44,"20":44,"21":44,"22":44,"23":44,"24":41,"25":41,"26":41,"27":67,"28":26,"29":26,"30":26,"31":26,"32":26,"33":22,"34":10,"35":7,"36":7,"37":3,"38":12,"39":12,"40":22,"41":22,"42":19,"43":4,"44":1,"45":3,"46":3,"47":41,"48":1,"49":1,"50":1,"51":1,"52":1,"53":41,"54":38,"55":41,"56":55,"57":55,"58":5,"59":5,"60":2,"61":2,"62":1,"63":1,"64":47,"65":47,"66":28,"67":27,"68":27,"69":1,"70":44,"71":44,"72":44,"73":44,"74":1,"75":72},"b":{"1":[1,1],"2":[22,8],"3":[22,8],"4":[72,44],"5":[26,41],"6":[26,22],"7":[22,4],"8":[10,12],"9":[7,3],"10":[1,11],"11":[19,3],"12":[22,10],"13":[1,3],"14":[4,1],"15":[2,1],"16":[38,3],"17":[1,5,2,1,47],"18":[27,1]},"f":{"1":1,"2":1,"3":2,"4":16,"5":93,"6":22,"7":72,"8":44,"9":41,"10":1,"11":1,"12":1,"13":41,"14":55,"15":28,"16":44,"17":72},"fnMap":{"1":{"name":"templateInfo","line":2,"loc":{"start":{"line":2,"column":17},"end":{"line":2,"column":44}}},"2":{"name":"minifyCSS","line":8,"loc":{"start":{"line":8,"column":2},"end":{"line":8,"column":23}}},"3":{"name":"minifyJS","line":12,"loc":{"start":{"line":12,"column":2},"end":{"line":12,"column":35}}},"4":{"name":"comments","line":25,"loc":{"start":{"line":25,"column":2},"end":{"line":25,"column":36}}},"5":{"name":"empty","line":30,"loc":{"start":{"line":30,"column":2},"end":{"line":30,"column":24}}},"6":{"name":"sanitizeAttributes","line":35,"loc":{"start":{"line":35,"column":2},"end":{"line":35,"column":42}}},"7":{"name":"(anonymous_7)","line":54,"loc":{"start":{"line":54,"column":9},"end":{"line":54,"column":22}}},"8":{"name":"transform","line":64,"loc":{"start":{"line":64,"column":2},"end":{"line":64,"column":31}}},"9":{"name":"(anonymous_9)","line":71,"loc":{"start":{"line":71,"column":17},"end":{"line":71,"column":45}}},"10":{"name":"(anonymous_10)","line":106,"loc":{"start":{"line":106,"column":20},"end":{"line":106,"column":32}}},"11":{"name":"(anonymous_11)","line":110,"loc":{"start":{"line":110,"column":18},"end":{"line":110,"column":30}}},"12":{"name":"(anonymous_12)","line":114,"loc":{"start":{"line":114,"column":31},"end":{"line":114,"column":53}}},"13":{"name":"(anonymous_13)","line":117,"loc":{"start":{"line":117,"column":18},"end":{"line":117,"column":34}}},"14":{"name":"(anonymous_14)","line":123,"loc":{"start":{"line":123,"column":14},"end":{"line":123,"column":30}}},"15":{"name":"(anonymous_15)","line":141,"loc":{"start":{"line":141,"column":17},"end":{"line":141,"column":33}}},"16":{"name":"(anonymous_16)","line":149,"loc":{"start":{"line":149,"column":13},"end":{"line":149,"column":25}}},"17":{"name":"(anonymous_17)","line":165,"loc":{"start":{"line":165,"column":7},"end":{"line":165,"column":18}}}},"statementMap":{"1":{"start":{"line":2,"column":0},"end":{"line":169,"column":1}},"2":{"start":{"line":8,"column":2},"end":{"line":10,"column":3}},"3":{"start":{"line":9,"column":4},"end":{"line":9,"column":50}},"4":{"start":{"line":12,"column":2},"end":{"line":18,"column":3}},"5":{"start":{"line":13,"column":4},"end":{"line":16,"column":17}},"6":{"start":{"line":17,"column":4},"end":{"line":17,"column":45}},"7":{"start":{"line":25,"column":2},"end":{"line":27,"column":3}},"8":{"start":{"line":26,"column":4},"end":{"line":26,"column":69}},"9":{"start":{"line":30,"column":2},"end":{"line":32,"column":3}},"10":{"start":{"line":31,"column":4},"end":{"line":31,"column":50}},"11":{"start":{"line":35,"column":2},"end":{"line":37,"column":3}},"12":{"start":{"line":36,"column":4},"end":{"line":36,"column":48}},"13":{"start":{"line":43,"column":2},"end":{"line":52,"column":42}},"14":{"start":{"line":53,"column":4},"end":{"line":58,"column":3}},"15":{"start":{"line":55,"column":6},"end":{"line":55,"column":32}},"16":{"start":{"line":56,"column":6},"end":{"line":56,"column":58}},"17":{"start":{"line":64,"column":2},"end":{"line":162,"column":3}},"18":{"start":{"line":65,"column":4},"end":{"line":65,"column":21}},"19":{"start":{"line":66,"column":4},"end":{"line":66,"column":24}},"20":{"start":{"line":67,"column":4},"end":{"line":67,"column":21}},"21":{"start":{"line":68,"column":4},"end":{"line":68,"column":20}},"22":{"start":{"line":69,"column":4},"end":{"line":69,"column":21}},"23":{"start":{"line":70,"column":4},"end":{"line":155,"column":7}},"24":{"start":{"line":72,"column":8},"end":{"line":72,"column":23}},"25":{"start":{"line":73,"column":8},"end":{"line":73,"column":32}},"26":{"start":{"line":74,"column":8},"end":{"line":103,"column":9}},"27":{"start":{"line":75,"column":10},"end":{"line":102,"column":11}},"28":{"start":{"line":76,"column":12},"end":{"line":76,"column":40}},"29":{"start":{"line":77,"column":12},"end":{"line":77,"column":46}},"30":{"start":{"line":78,"column":12},"end":{"line":78,"column":56}},"31":{"start":{"line":79,"column":12},"end":{"line":79,"column":69}},"32":{"start":{"line":80,"column":12},"end":{"line":101,"column":13}},"33":{"start":{"line":81,"column":14},"end":{"line":91,"column":15}},"34":{"start":{"line":82,"column":16},"end":{"line":87,"column":19}},"35":{"start":{"line":83,"column":18},"end":{"line":83,"column":47}},"36":{"start":{"line":84,"column":18},"end":{"line":84,"column":46}},"37":{"start":{"line":86,"column":18},"end":{"line":86,"column":55}},"38":{"start":{"line":89,"column":18},"end":{"line":89,"column":47}},"39":{"start":{"line":90,"column":18},"end":{"line":90,"column":87}},"40":{"start":{"line":92,"column":14},"end":{"line":92,"column":42}},"41":{"start":{"line":93,"column":14},"end":{"line":93,"column":59}},"42":{"start":{"line":93,"column":41},"end":{"line":93,"column":59}},"43":{"start":{"line":95,"column":14},"end":{"line":100,"column":15}},"44":{"start":{"line":96,"column":16},"end":{"line":96,"column":39}},"45":{"start":{"line":98,"column":16},"end":{"line":98,"column":63}},"46":{"start":{"line":99,"column":16},"end":{"line":99,"column":65}},"47":{"start":{"line":104,"column":8},"end":{"line":104,"column":26}},"48":{"start":{"line":107,"column":8},"end":{"line":107,"column":34}},"49":{"start":{"line":108,"column":8},"end":{"line":108,"column":23}},"50":{"start":{"line":111,"column":8},"end":{"line":111,"column":28}},"51":{"start":{"line":112,"column":8},"end":{"line":112,"column":24}},"52":{"start":{"line":115,"column":8},"end":{"line":115,"column":37}},"53":{"start":{"line":118,"column":8},"end":{"line":120,"column":9}},"54":{"start":{"line":119,"column":10},"end":{"line":119,"column":40}},"55":{"start":{"line":121,"column":8},"end":{"line":121,"column":21}},"56":{"start":{"line":124,"column":8},"end":{"line":124,"column":40}},"57":{"start":{"line":125,"column":8},"end":{"line":139,"column":9}},"58":{"start":{"line":128,"column":12},"end":{"line":128,"column":31}},"59":{"start":{"line":129,"column":12},"end":{"line":129,"column":18}},"60":{"start":{"line":131,"column":12},"end":{"line":131,"column":41}},"61":{"start":{"line":132,"column":12},"end":{"line":132,"column":18}},"62":{"start":{"line":134,"column":12},"end":{"line":134,"column":42}},"63":{"start":{"line":135,"column":12},"end":{"line":135,"column":18}},"64":{"start":{"line":137,"column":12},"end":{"line":137,"column":31}},"65":{"start":{"line":138,"column":12},"end":{"line":138,"column":18}},"66":{"start":{"line":142,"column":8},"end":{"line":147,"column":9}},"67":{"start":{"line":143,"column":10},"end":{"line":143,"column":38}},"68":{"start":{"line":144,"column":10},"end":{"line":144,"column":43}},"69":{"start":{"line":146,"column":10},"end":{"line":146,"column":46}},"70":{"start":{"line":150,"column":8},"end":{"line":150,"column":36}},"71":{"start":{"line":156,"column":4},"end":{"line":156,"column":61}},"72":{"start":{"line":157,"column":4},"end":{"line":157,"column":18}},"73":{"start":{"line":158,"column":4},"end":{"line":161,"column":6}},"74":{"start":{"line":164,"column":2},"end":{"line":168,"column":3}},"75":{"start":{"line":166,"column":6},"end":{"line":166,"column":25}}},"branchMap":{"1":{"line":17,"type":"cond-expr","locations":[{"start":{"line":17,"column":26},"end":{"line":17,"column":30}},{"start":{"line":17,"column":33},"end":{"line":17,"column":44}}]},"2":{"line":36,"type":"binary-expr","locations":[{"start":{"line":36,"column":17},"end":{"line":36,"column":19}},{"start":{"line":36,"column":23},"end":{"line":36,"column":26}}]},"3":{"line":36,"type":"binary-expr","locations":[{"start":{"line":36,"column":37},"end":{"line":36,"column":39}},{"start":{"line":36,"column":43},"end":{"line":36,"column":46}}]},"4":{"line":56,"type":"binary-expr","locations":[{"start":{"line":56,"column":13},"end":{"line":56,"column":17}},{"start":{"line":56,"column":22},"end":{"line":56,"column":56}}]},"5":{"line":75,"type":"if","locations":[{"start":{"line":75,"column":10},"end":{"line":75,"column":10}},{"start":{"line":75,"column":10},"end":{"line":75,"column":10}}]},"6":{"line":79,"type":"binary-expr","locations":[{"start":{"line":79,"column":26},"end":{"line":79,"column":39}},{"start":{"line":79,"column":43},"end":{"line":79,"column":68}}]},"7":{"line":80,"type":"if","locations":[{"start":{"line":80,"column":12},"end":{"line":80,"column":12}},{"start":{"line":80,"column":12},"end":{"line":80,"column":12}}]},"8":{"line":81,"type":"if","locations":[{"start":{"line":81,"column":14},"end":{"line":81,"column":14}},{"start":{"line":81,"column":14},"end":{"line":81,"column":14}}]},"9":{"line":82,"type":"if","locations":[{"start":{"line":82,"column":16},"end":{"line":82,"column":16}},{"start":{"line":82,"column":16},"end":{"line":82,"column":16}}]},"10":{"line":90,"type":"cond-expr","locations":[{"start":{"line":90,"column":52},"end":{"line":90,"column":65}},{"start":{"line":90,"column":68},"end":{"line":90,"column":85}}]},"11":{"line":93,"type":"if","locations":[{"start":{"line":93,"column":14},"end":{"line":93,"column":14}},{"start":{"line":93,"column":14},"end":{"line":93,"column":14}}]},"12":{"line":93,"type":"binary-expr","locations":[{"start":{"line":93,"column":18},"end":{"line":93,"column":28}},{"start":{"line":93,"column":32},"end":{"line":93,"column":39}}]},"13":{"line":95,"type":"if","locations":[{"start":{"line":95,"column":14},"end":{"line":95,"column":14}},{"start":{"line":95,"column":14},"end":{"line":95,"column":14}}]},"14":{"line":95,"type":"binary-expr","locations":[{"start":{"line":95,"column":18},"end":{"line":95,"column":27}},{"start":{"line":95,"column":31},"end":{"line":95,"column":49}}]},"15":{"line":98,"type":"cond-expr","locations":[{"start":{"line":98,"column":53},"end":{"line":98,"column":56}},{"start":{"line":98,"column":59},"end":{"line":98,"column":62}}]},"16":{"line":118,"type":"if","locations":[{"start":{"line":118,"column":8},"end":{"line":118,"column":8}},{"start":{"line":118,"column":8},"end":{"line":118,"column":8}}]},"17":{"line":125,"type":"switch","locations":[{"start":{"line":126,"column":10},"end":{"line":126,"column":23}},{"start":{"line":127,"column":10},"end":{"line":129,"column":18}},{"start":{"line":130,"column":10},"end":{"line":132,"column":18}},{"start":{"line":133,"column":10},"end":{"line":135,"column":18}},{"start":{"line":136,"column":10},"end":{"line":138,"column":18}}]},"18":{"line":142,"type":"if","locations":[{"start":{"line":142,"column":8},"end":{"line":142,"column":8}},{"start":{"line":142,"column":8},"end":{"line":142,"column":8}}]}}}}