TN:
SF:/home/laszlo/dev/viperHTML/index.js
FN:9,viper
FN:30,render
FN:50,wire
FN:59,getAsync
FN:75,asBuffer
FN:80,asHTML
FN:87,createAsync
FN:93,(anonymous_8)
FN:97,(anonymous_9)
FN:104,escape
FN:110,fixUpdates
FN:126,getUpdateForHTML
FN:131,identity
FN:136,invokeAtDistance
FN:150,invokeTransformer
FN:162,noop
FN:165,asTemplateValue
FN:194,set
FN:200,updateAttribute
FN:206,updateBoolean
FN:208,update
FN:220,ized
FN:224,asCSSValue
FN:229,updateStyle
FN:254,updateEvent
FN:273,chunks
FN:322,(anonymous_27)
FN:329,resolveArray
FN:335,resolveAsTemplateValue
FN:336,(anonymous_30)
FN:349,update
FN:387,setupUpdates
FN:404,upgrade
FN:418,wireWeakly
FN:423,createHyperComment
FN:453,bind
FN:455,define
FN:464,(anonymous_38)
FN:467,(anonymous_39)
FN:475,Async
FN:478,Dict
FNF:41
FNH:41
FNDA:8,viper
FNDA:2080,render
FNDA:1046,wire
FNDA:14,getAsync
FNDA:2066,asBuffer
FNDA:1,asHTML
FNDA:13,createAsync
FNDA:14,(anonymous_8)
FNDA:14,(anonymous_9)
FNDA:8042,escape
FNDA:1077,fixUpdates
FNDA:3055,getUpdateForHTML
FNDA:13,identity
FNDA:5,invokeAtDistance
FNDA:4,invokeTransformer
FNDA:2,noop
FNDA:6083,asTemplateValue
FNDA:81,set
FNDA:2018,updateAttribute
FNDA:4,updateBoolean
FNDA:4,update
FNDA:1,ized
FNDA:2,asCSSValue
FNDA:2,updateStyle
FNDA:2013,updateEvent
FNDA:14,chunks
FNDA:14,(anonymous_27)
FNDA:13,resolveArray
FNDA:18,resolveAsTemplateValue
FNDA:18,(anonymous_30)
FNDA:2066,update
FNDA:72,setupUpdates
FNDA:1077,upgrade
FNDA:14,wireWeakly
FNDA:6067,createHyperComment
FNDA:13,bind
FNDA:2,define
FNDA:1,(anonymous_38)
FNDA:1,(anonymous_39)
FNDA:13,Async
FNDA:8,Dict
DA:6,1
DA:9,1
DA:10,8
DA:30,1
DA:31,2080
DA:32,2080
DA:36,1077
DA:37,1077
DA:39,2080
DA:50,1
DA:51,1046
DA:59,1
DA:60,14
DA:65,1
DA:66,1
DA:75,1
DA:76,2066
DA:80,1
DA:81,1
DA:87,1
DA:88,13
DA:93,13
DA:94,14
DA:95,14
DA:97,13
DA:98,14
DA:99,14
DA:104,1
DA:105,8042
DA:110,1
DA:111,1077
DA:118,5086
DA:119,5086
DA:121,1077
DA:126,1
DA:127,3055
DA:131,1
DA:132,13
DA:136,1
DA:137,5
DA:138,5
DA:139,1
DA:140,4
DA:141,2
DA:142,2
DA:143,1
DA:145,1
DA:150,1
DA:151,4
DA:152,4
DA:153,4
DA:156,2
DA:162,1
DA:165,1
DA:166,6083
DA:167,6083
DA:168,6031
DA:170,5
DA:172,44
DA:173,38
DA:175,40
DA:177,34
DA:178,23
DA:179,39
DA:180,2
DA:183,23
DA:185,11
DA:186,7
DA:187,6
DA:188,5
DA:189,3
DA:194,1
DA:195,81
DA:196,81
DA:200,1
DA:201,2018
DA:206,1
DA:207,4
DA:208,1
DA:209,4
DA:212,2
DA:214,2
DA:216,4
DA:217,4
DA:220,1
DA:221,1
DA:224,1
DA:225,2
DA:229,1
DA:230,2
DA:231,1
DA:237,2
DA:238,2
DA:245,1
DA:247,1
DA:254,1
DA:255,2013
DA:256,2007
DA:261,3
DA:262,3
DA:273,1
DA:274,14
DA:318,21
DA:319,21
DA:320,21
DA:322,14
DA:329,1
DA:330,13
DA:335,1
DA:336,18
DA:337,18
DA:349,1
DA:350,2066
DA:360,10074
DA:361,10074
DA:366,2
DA:367,2
DA:373,10072
DA:376,2066
DA:379,1
DA:387,1
DA:388,72
DA:389,81
DA:390,4
DA:392,77
DA:394,72
DA:404,1
DA:405,1077
DA:407,1077
DA:418,1
DA:419,14
DA:420,14
DA:423,1
DA:424,6067
DA:431,1
DA:453,13
DA:455,1
DA:456,2
DA:457,1
DA:459,2
DA:463,1
DA:465,1
DA:468,1
DA:472,1
DA:475,1
DA:478,1
DA:479,1
LF:147
LH:147
BRDA:10,1,0,5
BRDA:10,1,1,3
BRDA:11,2,0,2
BRDA:11,2,1,3
BRDA:11,3,0,5
BRDA:11,3,1,4
BRDA:13,4,0,1
BRDA:13,4,1,2
BRDA:16,5,0,1
BRDA:16,5,1,2
BRDA:32,6,0,1077
BRDA:32,6,1,1003
BRDA:33,7,0,2080
BRDA:33,7,1,1006
BRDA:39,8,0,14
BRDA:39,8,1,2066
BRDA:51,9,0,1034
BRDA:51,9,1,12
BRDA:51,10,0,1046
BRDA:51,10,1,14
BRDA:53,11,0,12
BRDA:53,11,1,4
BRDA:60,12,0,12
BRDA:60,12,1,2
BRDA:62,13,0,2
BRDA:62,13,1,1
BRDA:98,14,0,14
BRDA:98,14,1,1
BRDA:119,15,0,3055
BRDA:119,15,1,2031
BRDA:127,16,0,15
BRDA:127,16,1,3040
BRDA:137,17,0,4
BRDA:137,17,1,1
BRDA:138,18,0,1
BRDA:138,18,1,4
BRDA:140,19,0,2
BRDA:140,19,1,2
BRDA:142,20,0,1
BRDA:142,20,1,1
BRDA:153,21,0,2
BRDA:153,21,1,2
BRDA:166,22,0,19
BRDA:166,22,1,6064
BRDA:167,23,0,6031
BRDA:167,23,1,2
BRDA:167,23,2,5
BRDA:167,23,3,44
BRDA:167,23,4,40
BRDA:167,23,5,34
BRDA:172,24,0,6
BRDA:172,24,1,38
BRDA:173,25,0,1
BRDA:173,25,1,37
BRDA:175,26,0,6
BRDA:175,26,1,34
BRDA:177,27,0,23
BRDA:177,27,1,11
BRDA:179,28,0,2
BRDA:179,28,1,37
BRDA:185,29,0,4
BRDA:185,29,1,7
BRDA:186,30,0,1
BRDA:186,30,1,6
BRDA:187,31,0,1
BRDA:187,31,1,5
BRDA:188,32,0,2
BRDA:188,32,1,3
BRDA:209,33,0,1
BRDA:209,33,1,2
BRDA:225,34,0,1
BRDA:225,34,1,1
BRDA:225,35,0,2
BRDA:225,35,1,1
BRDA:230,36,0,1
BRDA:230,36,1,1
BRDA:255,37,0,2007
BRDA:255,37,1,3
BRDA:255,37,2,3
BRDA:257,38,0,1
BRDA:257,38,1,2006
BRDA:257,39,0,2007
BRDA:257,39,1,1
BRDA:262,40,0,3
BRDA:262,40,1,2
BRDA:330,41,0,2
BRDA:330,41,1,11
BRDA:339,42,0,18
BRDA:339,42,1,16
BRDA:339,42,2,14
BRDA:361,43,0,2
BRDA:361,43,1,10072
BRDA:362,44,0,10074
BRDA:362,44,1,25
BRDA:362,44,2,23
BRDA:362,44,3,22
BRDA:368,45,0,1
BRDA:368,45,1,1
BRDA:376,46,0,2
BRDA:376,46,1,2064
BRDA:389,47,0,4
BRDA:389,47,1,77
BRDA:389,48,0,81
BRDA:389,48,1,4
BRDA:405,49,0,1077
BRDA:405,49,1,72
BRDA:419,50,0,14
BRDA:419,50,1,8
BRDA:420,51,0,14
BRDA:420,51,1,9
BRDA:424,52,0,6066
BRDA:424,52,1,1
BRDA:456,53,0,1
BRDA:456,53,1,1
BRF:114
BRH:114
end_of_record
TN:
SF:/home/laszlo/dev/viperHTML/Component.js
FN:4,(anonymous_1)
FN:8,(anonymous_2)
FN:9,(anonymous_3)
FN:10,(anonymous_4)
FN:11,(anonymous_5)
FN:12,(anonymous_6)
FN:13,(anonymous_7)
FN:14,(anonymous_8)
FN:15,(anonymous_9)
FN:16,(anonymous_10)
FN:17,(anonymous_11)
FNF:11
FNH:11
FNDA:15,(anonymous_1)
FNDA:1,(anonymous_2)
FNDA:10,(anonymous_3)
FNDA:10,(anonymous_4)
FNDA:1,(anonymous_5)
FNDA:1,(anonymous_6)
FNDA:10,(anonymous_7)
FNDA:10,(anonymous_8)
FNDA:10,(anonymous_9)
FNDA:1,(anonymous_10)
FNDA:10,(anonymous_11)
DA:3,1
DA:5,15
DA:6,15
DA:9,10
DA:10,10
DA:11,1
DA:12,1
DA:13,10
DA:14,10
DA:15,10
DA:16,1
DA:18,10
DA:19,10
DA:20,21
DA:21,10
DA:22,10
DA:30,1
DA:31,1
DA:32,1
DA:33,3
DA:34,3
DA:36,1
DA:37,15
DA:40,3
DA:41,3
DA:43,12
DA:44,12
DA:47,1
DA:48,5
DA:49,5
DA:50,5
DA:54,1
DA:55,21
LF:33
LH:33
BRDA:5,1,0,15
BRDA:5,1,1,5
BRDA:6,2,0,9
BRDA:6,2,1,6
BRDA:19,3,0,1
BRDA:19,3,1,9
BRDA:21,4,0,2
BRDA:21,4,1,8
BRDA:37,5,0,3
BRDA:37,5,1,3
BRDA:37,5,2,12
BRDA:40,6,0,3
BRDA:40,6,1,1
BRDA:41,7,0,3
BRDA:41,7,1,3
BRDA:43,8,0,12
BRDA:43,8,1,4
BRDA:44,9,0,12
BRDA:44,9,1,6
BRF:19
BRH:19
end_of_record
TN:
SF:/home/laszlo/dev/viperHTML/template-info.js
FN:2,templateInfo
FN:8,minifyCSS
FN:12,minifyJS
FN:25,comments
FN:30,empty
FN:35,sanitizeAttributes
FN:54,(anonymous_7)
FN:64,transform
FN:71,(anonymous_9)
FN:106,(anonymous_10)
FN:110,(anonymous_11)
FN:114,(anonymous_12)
FN:117,(anonymous_13)
FN:123,(anonymous_14)
FN:141,(anonymous_15)
FN:149,(anonymous_16)
FN:165,(anonymous_17)
FNF:17
FNH:17
FNDA:1,templateInfo
FNDA:1,minifyCSS
FNDA:2,minifyJS
FNDA:16,comments
FNDA:93,empty
FNDA:22,sanitizeAttributes
FNDA:72,(anonymous_7)
FNDA:44,transform
FNDA:41,(anonymous_9)
FNDA:1,(anonymous_10)
FNDA:1,(anonymous_11)
FNDA:1,(anonymous_12)
FNDA:41,(anonymous_13)
FNDA:55,(anonymous_14)
FNDA:28,(anonymous_15)
FNDA:44,(anonymous_16)
FNDA:72,(anonymous_17)
DA:2,1
DA:8,1
DA:9,1
DA:12,1
DA:13,2
DA:17,2
DA:25,1
DA:26,16
DA:30,1
DA:31,93
DA:35,1
DA:36,22
DA:43,1
DA:53,1
DA:55,72
DA:56,72
DA:64,1
DA:65,44
DA:66,44
DA:67,44
DA:68,44
DA:69,44
DA:70,44
DA:72,41
DA:73,41
DA:74,41
DA:75,67
DA:76,26
DA:77,26
DA:78,26
DA:79,26
DA:80,26
DA:81,22
DA:82,10
DA:83,7
DA:84,7
DA:86,3
DA:89,12
DA:90,12
DA:92,22
DA:93,22
DA:95,4
DA:96,1
DA:98,3
DA:99,3
DA:104,41
DA:107,1
DA:108,1
DA:111,1
DA:112,1
DA:115,1
DA:118,41
DA:119,38
DA:121,41
DA:124,55
DA:125,55
DA:128,5
DA:129,5
DA:131,2
DA:132,2
DA:134,1
DA:135,1
DA:137,47
DA:138,47
DA:142,28
DA:143,27
DA:144,27
DA:146,1
DA:150,44
DA:156,44
DA:157,44
DA:158,44
DA:164,1
DA:166,72
LF:74
LH:74
BRDA:17,1,0,1
BRDA:17,1,1,1
BRDA:36,2,0,22
BRDA:36,2,1,8
BRDA:36,3,0,22
BRDA:36,3,1,8
BRDA:56,4,0,72
BRDA:56,4,1,44
BRDA:75,5,0,26
BRDA:75,5,1,41
BRDA:79,6,0,26
BRDA:79,6,1,22
BRDA:80,7,0,22
BRDA:80,7,1,4
BRDA:81,8,0,10
BRDA:81,8,1,12
BRDA:82,9,0,7
BRDA:82,9,1,3
BRDA:90,10,0,1
BRDA:90,10,1,11
BRDA:93,11,0,19
BRDA:93,11,1,3
BRDA:93,12,0,22
BRDA:93,12,1,10
BRDA:95,13,0,1
BRDA:95,13,1,3
BRDA:95,14,0,4
BRDA:95,14,1,1
BRDA:98,15,0,2
BRDA:98,15,1,1
BRDA:118,16,0,38
BRDA:118,16,1,3
BRDA:125,17,0,1
BRDA:125,17,1,5
BRDA:125,17,2,2
BRDA:125,17,3,1
BRDA:125,17,4,47
BRDA:142,18,0,27
BRDA:142,18,1,1
BRF:39
BRH:39
end_of_record
