TN:
SF:/home/laszlo/dev/viperHTML/index.js
FN:9,viper
FN:30,render
FN:50,wire
FN:59,getAsync
FN:75,asBuffer
FN:80,asHTML
FN:87,createAsync
FN:93,(anonymous_8)
FN:97,(anonymous_9)
FN:104,escape
FN:110,fixUpdates
FN:126,getUpdateForHTML
FN:131,identity
FN:136,invokeAtDistance
FN:150,invokeTransformer
FN:162,noop
FN:165,asTemplateValue
FN:194,set
FN:200,updateAttribute
FN:204,updateAttributeIntent
FN:205,(anonymous_21)
FN:213,updateBoolean
FN:215,update
FN:227,ized
FN:231,asCSSValue
FN:236,updateStyle
FN:261,updateEvent
FN:280,chunks
FN:329,(anonymous_29)
FN:336,resolveArray
FN:342,resolveAsTemplateValue
FN:343,(anonymous_32)
FN:356,update
FN:395,setupUpdates
FN:412,upgrade
FN:426,wireWeakly
FN:431,createHyperComment
FN:462,bind
FN:464,define
FN:477,(anonymous_40)
FN:480,(anonymous_41)
FN:488,Async
FN:491,Dict
FNF:43
FNH:43
FNDA:8,viper
FNDA:2082,render
FNDA:1048,wire
FNDA:14,getAsync
FNDA:2068,asBuffer
FNDA:1,asHTML
FNDA:13,createAsync
FNDA:14,(anonymous_8)
FNDA:14,(anonymous_9)
FNDA:8042,escape
FNDA:1079,fixUpdates
FNDA:3055,getUpdateForHTML
FNDA:13,identity
FNDA:5,invokeAtDistance
FNDA:4,invokeTransformer
FNDA:2,noop
FNDA:6083,asTemplateValue
FNDA:83,set
FNDA:2018,updateAttribute
FNDA:2,updateAttributeIntent
FNDA:2,(anonymous_21)
FNDA:4,updateBoolean
FNDA:4,update
FNDA:1,ized
FNDA:2,asCSSValue
FNDA:2,updateStyle
FNDA:2013,updateEvent
FNDA:14,chunks
FNDA:14,(anonymous_29)
FNDA:13,resolveArray
FNDA:18,resolveAsTemplateValue
FNDA:18,(anonymous_32)
FNDA:2068,update
FNDA:74,setupUpdates
FNDA:1079,upgrade
FNDA:14,wireWeakly
FNDA:6067,createHyperComment
FNDA:13,bind
FNDA:4,define
FNDA:1,(anonymous_40)
FNDA:1,(anonymous_41)
FNDA:13,Async
FNDA:8,Dict
DA:6,1
DA:9,1
DA:10,8
DA:30,1
DA:31,2082
DA:32,2082
DA:36,1079
DA:37,1079
DA:39,2082
DA:50,1
DA:51,1048
DA:59,1
DA:60,14
DA:65,1
DA:66,1
DA:75,1
DA:76,2068
DA:80,1
DA:81,1
DA:87,1
DA:88,13
DA:93,13
DA:94,14
DA:95,14
DA:97,13
DA:98,14
DA:99,14
DA:104,1
DA:105,8042
DA:110,1
DA:111,1079
DA:118,5088
DA:119,5088
DA:121,1079
DA:126,1
DA:127,3055
DA:131,1
DA:132,13
DA:136,1
DA:137,5
DA:138,5
DA:139,1
DA:140,4
DA:141,2
DA:142,2
DA:143,1
DA:145,1
DA:150,1
DA:151,4
DA:152,4
DA:153,4
DA:156,2
DA:162,1
DA:165,1
DA:166,6083
DA:167,6083
DA:168,6031
DA:170,5
DA:172,44
DA:173,38
DA:175,40
DA:177,34
DA:178,23
DA:179,39
DA:180,2
DA:183,23
DA:185,11
DA:186,7
DA:187,6
DA:188,5
DA:189,3
DA:194,1
DA:195,83
DA:196,83
DA:200,1
DA:201,2018
DA:204,1
DA:205,2
DA:206,2
DA:207,2
DA:213,1
DA:214,4
DA:215,1
DA:216,4
DA:219,2
DA:221,2
DA:223,4
DA:224,4
DA:227,1
DA:228,1
DA:231,1
DA:232,2
DA:236,1
DA:237,2
DA:238,1
DA:244,2
DA:245,2
DA:252,1
DA:254,1
DA:261,1
DA:262,2013
DA:263,2007
DA:268,3
DA:269,3
DA:280,1
DA:281,14
DA:325,21
DA:326,21
DA:327,21
DA:329,14
DA:336,1
DA:337,13
DA:342,1
DA:343,18
DA:344,18
DA:356,1
DA:357,2068
DA:367,10076
DA:368,10076
DA:373,2
DA:374,2
DA:380,10074
DA:383,2068
DA:386,1
DA:395,1
DA:396,74
DA:397,83
DA:398,6
DA:400,77
DA:402,74
DA:412,1
DA:413,1079
DA:415,1079
DA:426,1
DA:427,14
DA:428,14
DA:431,1
DA:432,6067
DA:439,1
DA:462,13
DA:464,1
DA:465,4
DA:466,2
DA:467,1
DA:469,2
DA:472,2
DA:476,1
DA:478,1
DA:481,1
DA:485,1
DA:488,1
DA:491,1
DA:492,1
LF:153
LH:153
BRDA:10,1,0,5
BRDA:10,1,1,3
BRDA:11,2,0,2
BRDA:11,2,1,3
BRDA:11,3,0,5
BRDA:11,3,1,4
BRDA:13,4,0,1
BRDA:13,4,1,2
BRDA:16,5,0,1
BRDA:16,5,1,2
BRDA:32,6,0,1079
BRDA:32,6,1,1003
BRDA:33,7,0,2082
BRDA:33,7,1,1006
BRDA:39,8,0,14
BRDA:39,8,1,2068
BRDA:51,9,0,1036
BRDA:51,9,1,12
BRDA:51,10,0,1048
BRDA:51,10,1,14
BRDA:53,11,0,12
BRDA:53,11,1,4
BRDA:60,12,0,12
BRDA:60,12,1,2
BRDA:62,13,0,2
BRDA:62,13,1,1
BRDA:98,14,0,14
BRDA:98,14,1,1
BRDA:119,15,0,3055
BRDA:119,15,1,2033
BRDA:127,16,0,15
BRDA:127,16,1,3040
BRDA:137,17,0,4
BRDA:137,17,1,1
BRDA:138,18,0,1
BRDA:138,18,1,4
BRDA:140,19,0,2
BRDA:140,19,1,2
BRDA:142,20,0,1
BRDA:142,20,1,1
BRDA:153,21,0,2
BRDA:153,21,1,2
BRDA:166,22,0,19
BRDA:166,22,1,6064
BRDA:167,23,0,6031
BRDA:167,23,1,2
BRDA:167,23,2,5
BRDA:167,23,3,44
BRDA:167,23,4,40
BRDA:167,23,5,34
BRDA:172,24,0,6
BRDA:172,24,1,38
BRDA:173,25,0,1
BRDA:173,25,1,37
BRDA:175,26,0,6
BRDA:175,26,1,34
BRDA:177,27,0,23
BRDA:177,27,1,11
BRDA:179,28,0,2
BRDA:179,28,1,37
BRDA:185,29,0,4
BRDA:185,29,1,7
BRDA:186,30,0,1
BRDA:186,30,1,6
BRDA:187,31,0,1
BRDA:187,31,1,5
BRDA:188,32,0,2
BRDA:188,32,1,3
BRDA:207,33,0,1
BRDA:207,33,1,1
BRDA:216,34,0,1
BRDA:216,34,1,2
BRDA:232,35,0,1
BRDA:232,35,1,1
BRDA:232,36,0,2
BRDA:232,36,1,1
BRDA:237,37,0,1
BRDA:237,37,1,1
BRDA:262,38,0,2007
BRDA:262,38,1,3
BRDA:262,38,2,3
BRDA:264,39,0,1
BRDA:264,39,1,2006
BRDA:264,40,0,2007
BRDA:264,40,1,1
BRDA:269,41,0,3
BRDA:269,41,1,2
BRDA:337,42,0,2
BRDA:337,42,1,11
BRDA:346,43,0,18
BRDA:346,43,1,16
BRDA:346,43,2,14
BRDA:368,44,0,2
BRDA:368,44,1,10074
BRDA:369,45,0,10076
BRDA:369,45,1,25
BRDA:369,45,2,23
BRDA:369,45,3,22
BRDA:375,46,0,1
BRDA:375,46,1,1
BRDA:383,47,0,2
BRDA:383,47,1,2066
BRDA:397,48,0,6
BRDA:397,48,1,77
BRDA:413,49,0,1079
BRDA:413,49,1,74
BRDA:427,50,0,14
BRDA:427,50,1,8
BRDA:428,51,0,14
BRDA:428,51,1,9
BRDA:432,52,0,6066
BRDA:432,52,1,1
BRDA:465,53,0,2
BRDA:465,53,1,2
BRDA:466,54,0,1
BRDA:466,54,1,1
BRF:116
BRH:116
end_of_record
TN:
SF:/home/laszlo/dev/viperHTML/Component.js
FN:4,(anonymous_1)
FN:8,(anonymous_2)
FN:9,(anonymous_3)
FN:10,(anonymous_4)
FN:11,(anonymous_5)
FN:12,(anonymous_6)
FN:13,(anonymous_7)
FN:14,(anonymous_8)
FN:15,(anonymous_9)
FN:16,(anonymous_10)
FN:17,(anonymous_11)
FNF:11
FNH:11
FNDA:15,(anonymous_1)
FNDA:1,(anonymous_2)
FNDA:10,(anonymous_3)
FNDA:10,(anonymous_4)
FNDA:1,(anonymous_5)
FNDA:1,(anonymous_6)
FNDA:10,(anonymous_7)
FNDA:10,(anonymous_8)
FNDA:10,(anonymous_9)
FNDA:1,(anonymous_10)
FNDA:10,(anonymous_11)
DA:3,1
DA:5,15
DA:6,15
DA:9,10
DA:10,10
DA:11,1
DA:12,1
DA:13,10
DA:14,10
DA:15,10
DA:16,1
DA:18,10
DA:19,10
DA:20,21
DA:21,10
DA:22,10
DA:30,1
DA:31,1
DA:32,1
DA:33,3
DA:34,3
DA:36,1
DA:37,15
DA:40,3
DA:41,3
DA:43,12
DA:44,12
DA:47,1
DA:48,5
DA:49,5
DA:50,5
DA:54,1
DA:55,21
LF:33
LH:33
BRDA:5,1,0,15
BRDA:5,1,1,5
BRDA:6,2,0,9
BRDA:6,2,1,6
BRDA:19,3,0,1
BRDA:19,3,1,9
BRDA:21,4,0,2
BRDA:21,4,1,8
BRDA:37,5,0,3
BRDA:37,5,1,3
BRDA:37,5,2,12
BRDA:40,6,0,3
BRDA:40,6,1,1
BRDA:41,7,0,3
BRDA:41,7,1,3
BRDA:43,8,0,12
BRDA:43,8,1,4
BRDA:44,9,0,12
BRDA:44,9,1,6
BRF:19
BRH:19
end_of_record
TN:
SF:/home/laszlo/dev/viperHTML/template-info.js
FN:2,templateInfo
FN:8,minifyCSS
FN:12,minifyJS
FN:25,comments
FN:30,empty
FN:35,sanitizeAttributes
FN:54,(anonymous_7)
FN:64,transform
FN:71,(anonymous_9)
FN:112,(anonymous_10)
FN:116,(anonymous_11)
FN:120,(anonymous_12)
FN:123,(anonymous_13)
FN:129,(anonymous_14)
FN:147,(anonymous_15)
FN:155,(anonymous_16)
FN:171,(anonymous_17)
FNF:17
FNH:17
FNDA:1,templateInfo
FNDA:1,minifyCSS
FNDA:2,minifyJS
FNDA:18,comments
FNDA:97,empty
FNDA:24,sanitizeAttributes
FNDA:74,(anonymous_7)
FNDA:46,transform
FNDA:43,(anonymous_9)
FNDA:1,(anonymous_10)
FNDA:1,(anonymous_11)
FNDA:1,(anonymous_12)
FNDA:43,(anonymous_13)
FNDA:55,(anonymous_14)
FNDA:28,(anonymous_15)
FNDA:46,(anonymous_16)
FNDA:74,(anonymous_17)
DA:2,1
DA:8,1
DA:9,1
DA:12,1
DA:13,2
DA:17,2
DA:25,1
DA:26,18
DA:30,1
DA:31,97
DA:35,1
DA:36,24
DA:43,1
DA:53,1
DA:55,74
DA:56,74
DA:64,1
DA:65,46
DA:66,46
DA:67,46
DA:68,46
DA:69,46
DA:70,46
DA:72,43
DA:73,43
DA:74,43
DA:75,71
DA:76,28
DA:77,28
DA:78,28
DA:79,28
DA:80,28
DA:81,24
DA:82,10
DA:83,7
DA:84,7
DA:86,3
DA:89,14
DA:90,14
DA:98,24
DA:99,24
DA:101,4
DA:102,1
DA:104,3
DA:105,3
DA:110,43
DA:113,1
DA:114,1
DA:117,1
DA:118,1
DA:121,1
DA:124,43
DA:125,40
DA:127,43
DA:130,55
DA:131,55
DA:134,5
DA:135,5
DA:137,2
DA:138,2
DA:140,1
DA:141,1
DA:143,47
DA:144,47
DA:148,28
DA:149,27
DA:150,27
DA:152,1
DA:156,46
DA:162,46
DA:163,46
DA:164,46
DA:170,1
DA:172,74
LF:74
LH:74
BRDA:17,1,0,1
BRDA:17,1,1,1
BRDA:36,2,0,24
BRDA:36,2,1,10
BRDA:36,3,0,24
BRDA:36,3,1,10
BRDA:56,4,0,74
BRDA:56,4,1,46
BRDA:75,5,0,28
BRDA:75,5,1,43
BRDA:79,6,0,28
BRDA:79,6,1,24
BRDA:80,7,0,24
BRDA:80,7,1,4
BRDA:81,8,0,10
BRDA:81,8,1,14
BRDA:82,9,0,7
BRDA:82,9,1,3
BRDA:91,10,0,1
BRDA:91,10,1,13
BRDA:93,11,0,2
BRDA:93,11,1,11
BRDA:99,12,0,21
BRDA:99,12,1,3
BRDA:99,13,0,24
BRDA:99,13,1,10
BRDA:101,14,0,1
BRDA:101,14,1,3
BRDA:101,15,0,4
BRDA:101,15,1,1
BRDA:104,16,0,2
BRDA:104,16,1,1
BRDA:124,17,0,40
BRDA:124,17,1,3
BRDA:131,18,0,1
BRDA:131,18,1,5
BRDA:131,18,2,2
BRDA:131,18,3,1
BRDA:131,18,4,47
BRDA:148,19,0,27
BRDA:148,19,1,1
BRF:41
BRH:41
end_of_record
